# Logfile created on Sat Jan 16 21:10:58 -0500 2010  [4;36;1mSQL (0.1ms)[0m   [0;1mSET NAMES 'utf8'[0m
  [4;35;1mSQL (0.1ms)[0m   [0mSET SQL_AUTO_IS_NULL=0[0m
  [4;36;1mSQL (0.3ms)[0m   [0;1mSHOW TABLES[0m
  [4;35;1mSQL (258.7ms)[0m   [0mCREATE TABLE `schema_migrations` (`version` varchar(255) NOT NULL) ENGINE=InnoDB[0m
  [4;36;1mSQL (182.7ms)[0m   [0;1mCREATE UNIQUE INDEX `unique_schema_migrations` ON `schema_migrations` (`version`)[0m
  [4;35;1mSQL (0.4ms)[0m   [0mSHOW TABLES[0m
  [4;36;1mSQL (0.2ms)[0m   [0;1mSELECT version FROM schema_migrations[0m
Migrating to CreateUsers (20081103171327)
  [4;35;1mSQL (69.0ms)[0m   [0mCREATE TABLE `users` (`id` int(11) DEFAULT NULL auto_increment PRIMARY KEY, `created_at` datetime, `updated_at` datetime, `login` varchar(255) NOT NULL, `crypted_password` varchar(255) NOT NULL, `password_salt` varchar(255) NOT NULL, `persistence_token` varchar(255) NOT NULL, `login_count` int(11) DEFAULT 0 NOT NULL, `last_request_at` datetime, `last_login_at` datetime, `current_login_at` datetime, `last_login_ip` varchar(255), `current_login_ip` varchar(255)) ENGINE=InnoDB[0m
  [4;36;1mSQL (126.8ms)[0m   [0;1mCREATE INDEX `index_users_on_login` ON `users` (`login`)[0m
  [4;35;1mSQL (235.7ms)[0m   [0mCREATE INDEX `index_users_on_persistence_token` ON `users` (`persistence_token`)[0m
  [4;36;1mSQL (83.8ms)[0m   [0;1mCREATE INDEX `index_users_on_last_request_at` ON `users` (`last_request_at`)[0m
  [4;35;1mSQL (0.9ms)[0m   [0mINSERT INTO schema_migrations (version) VALUES ('20081103171327')[0m
Migrating to CreateSessions (20081106072031)
  [4;36;1mSQL (144.1ms)[0m   [0;1mCREATE TABLE `sessions` (`id` int(11) DEFAULT NULL auto_increment PRIMARY KEY, `session_id` varchar(255) NOT NULL, `data` text, `created_at` datetime, `updated_at` datetime) ENGINE=InnoDB[0m
  [4;35;1mSQL (107.6ms)[0m   [0mCREATE INDEX `index_sessions_on_session_id` ON `sessions` (`session_id`)[0m
  [4;36;1mSQL (117.3ms)[0m   [0;1mCREATE INDEX `index_sessions_on_updated_at` ON `sessions` (`updated_at`)[0m
  [4;35;1mSQL (1.8ms)[0m   [0mINSERT INTO schema_migrations (version) VALUES ('20081106072031')[0m
  [4;36;1mSQL (0.5ms)[0m   [0;1mSHOW TABLES[0m
  [4;35;1mSQL (0.2ms)[0m   [0mSELECT version FROM schema_migrations[0m
  [4;36;1mSQL (0.2ms)[0m   [0;1mSHOW TABLES[0m
  [4;35;1mSQL (3.0ms)[0m   [0mSHOW FIELDS FROM `sessions`[0m
  [4;36;1mSQL (2.2ms)[0m   [0;1mdescribe `sessions`[0m
  [4;35;1mSQL (2.5ms)[0m   [0mSHOW KEYS FROM `sessions`[0m
  [4;36;1mSQL (1.8ms)[0m   [0;1mSHOW FIELDS FROM `users`[0m
  [4;35;1mSQL (3.8ms)[0m   [0mdescribe `users`[0m
  [4;36;1mSQL (3.4ms)[0m   [0;1mSHOW KEYS FROM `users`[0m
  [4;36;1mSQL (0.1ms)[0m   [0;1mSET NAMES 'utf8'[0m
  [4;35;1mSQL (0.1ms)[0m   [0mSET SQL_AUTO_IS_NULL=0[0m


Processing UserSessionsController#new (for 127.0.0.1 at 2010-01-16 21:11:18) [GET]
  Parameters: {"action"=>"new", "controller"=>"user_sessions"}
  [4;36;1mUser Columns (1.8ms)[0m   [0;1mSHOW FIELDS FROM `users`[0m
  [4;35;1mUser Load (0.5ms)[0m   [0mSELECT * FROM `users` WHERE (`users`.`persistence_token` = '25dc235f28cca540d22a185c3aa853075b891d327178f883d20a8bb1c12be98d62fb7039d04232073bf08e4cb150c6c0407b5da436cdacbeabef494e52b7b772') LIMIT 1[0m
Rendering template within layouts/application
Rendering user_sessions/new
  [4;36;1mSQL (40.2ms)[0m   [0;1mSELECT count(*) AS count_all FROM `users` WHERE (last_request_at > '2010-01-17 02:01:18') [0m
Completed in 173ms (View: 53, DB: 45) | 200 OK [http://localhost/]
  [4;35;1mSQL (0.1ms)[0m   [0mSET NAMES 'utf8'[0m
  [4;36;1mSQL (0.1ms)[0m   [0;1mSET SQL_AUTO_IS_NULL=0[0m


Processing UsersController#new (for 127.0.0.1 at 2010-01-16 21:11:24) [GET]
  Parameters: {"action"=>"new", "controller"=>"users"}
  [4;35;1mUser Columns (3.3ms)[0m   [0mSHOW FIELDS FROM `users`[0m
  [4;36;1mUser Load (0.4ms)[0m   [0;1mSELECT * FROM `users` WHERE (`users`.`persistence_token` = '25dc235f28cca540d22a185c3aa853075b891d327178f883d20a8bb1c12be98d62fb7039d04232073bf08e4cb150c6c0407b5da436cdacbeabef494e52b7b772') LIMIT 1[0m
Rendering template within layouts/application
Rendering users/new
Rendered users/_form (1.2ms)
  [4;35;1mSQL (0.4ms)[0m   [0mSELECT count(*) AS count_all FROM `users` WHERE (last_request_at > '2010-01-17 02:01:24') [0m
Completed in 29ms (View: 11, DB: 5) | 200 OK [http://localhost/account/new]
  [4;36;1mSQL (0.1ms)[0m   [0;1mSET NAMES 'utf8'[0m
  [4;35;1mSQL (0.1ms)[0m   [0mSET SQL_AUTO_IS_NULL=0[0m


Processing UsersController#create (for 127.0.0.1 at 2010-01-16 21:11:29) [POST]
  Parameters: {"commit"=>"Register", "action"=>"create", "controller"=>"users", "user"=>{"password_confirmation"=>"[FILTERED]", "password"=>"[FILTERED]", "login"=>"adam"}}
  [4;36;1mUser Columns (1.8ms)[0m   [0;1mSHOW FIELDS FROM `users`[0m
  [4;35;1mUser Load (0.5ms)[0m   [0mSELECT * FROM `users` WHERE (`users`.`persistence_token` = '25dc235f28cca540d22a185c3aa853075b891d327178f883d20a8bb1c12be98d62fb7039d04232073bf08e4cb150c6c0407b5da436cdacbeabef494e52b7b772') LIMIT 1[0m
  [4;36;1mSQL (0.1ms)[0m   [0;1mBEGIN[0m
  [4;35;1mUser Exists (0.4ms)[0m   [0mSELECT `users`.id FROM `users` WHERE (LOWER(`users`.`login`) = BINARY 'adam') LIMIT 1[0m
  [4;36;1mUser Exists (0.2ms)[0m   [0;1mSELECT `users`.id FROM `users` WHERE (`users`.`persistence_token` = BINARY '4568f7edfbd86ffe42ac44616f2da78f209fb8bfc244c62057f9dc007a4c5b53819330064978c2f28d5a280e51174b9f68ed837e81833a04476fb2709f679617') LIMIT 1[0m
  [4;35;1mCACHE (0.0ms)[0m   [0mSELECT * FROM `users` WHERE (`users`.`persistence_token` = '25dc235f28cca540d22a185c3aa853075b891d327178f883d20a8bb1c12be98d62fb7039d04232073bf08e4cb150c6c0407b5da436cdacbeabef494e52b7b772') LIMIT 1[0m
  [4;36;1mUser Create (0.9ms)[0m   [0;1mINSERT INTO `users` (`created_at`, `last_request_at`, `crypted_password`, `updated_at`, `current_login_ip`, `password_salt`, `current_login_at`, `persistence_token`, `login_count`, `last_login_ip`, `login`, `last_login_at`) VALUES('2010-01-17 02:11:29', '2010-01-17 02:11:29', '6fc984acb1722d44d8a726ffd350c7778c0e4998606ab1198efb58e8f3556f2fe4f3f166d3d32c0ac07b7189ff60f3387732277ae8b454ae4ca40d0470c6eacf', '2010-01-17 02:11:29', '127.0.0.1', 'Eb6vtlYNHCoLrslXf6uo', '2010-01-17 02:11:29', '4568f7edfbd86ffe42ac44616f2da78f209fb8bfc244c62057f9dc007a4c5b53819330064978c2f28d5a280e51174b9f68ed837e81833a04476fb2709f679617', 1, NULL, 'adam', NULL)[0m
  [4;35;1mSQL (1.0ms)[0m   [0mCOMMIT[0m
Redirected to http://localhost:3002/account
Completed in 219ms (DB: 6) | 302 Found [http://localhost/account]
  [4;36;1mSQL (0.1ms)[0m   [0;1mSET NAMES 'utf8'[0m
  [4;35;1mSQL (0.1ms)[0m   [0mSET SQL_AUTO_IS_NULL=0[0m


Processing UsersController#show (for 127.0.0.1 at 2010-01-16 21:11:29) [GET]
  Parameters: {"action"=>"show", "controller"=>"users"}
  [4;36;1mUser Columns (2.0ms)[0m   [0;1mSHOW FIELDS FROM `users`[0m
  [4;35;1mUser Load (0.5ms)[0m   [0mSELECT * FROM `users` WHERE (`users`.`persistence_token` = '4568f7edfbd86ffe42ac44616f2da78f209fb8bfc244c62057f9dc007a4c5b53819330064978c2f28d5a280e51174b9f68ed837e81833a04476fb2709f679617') LIMIT 1[0m
  [4;36;1mSQL (0.2ms)[0m   [0;1mBEGIN[0m
  [4;35;1mUser Update (0.3ms)[0m   [0mUPDATE `users` SET `updated_at` = '2010-01-17 02:11:29', `last_request_at` = '2010-01-17 02:11:29' WHERE `id` = 1[0m
  [4;36;1mSQL (0.7ms)[0m   [0;1mCOMMIT[0m
Rendering template within layouts/application
Rendering users/show
  [4;35;1mSQL (0.4ms)[0m   [0mSELECT count(*) AS count_all FROM `users` WHERE (last_request_at > '2010-01-17 02:01:29') [0m
Completed in 29ms (View: 6, DB: 5) | 200 OK [http://localhost/account]
  [4;36;1mSQL (0.1ms)[0m   [0;1mSET NAMES 'utf8'[0m
  [4;35;1mSQL (0.1ms)[0m   [0mSET SQL_AUTO_IS_NULL=0[0m


Processing UserSessionsController#new (for 127.0.0.1 at 2010-01-16 21:12:13) [GET]
  Parameters: {"action"=>"new", "controller"=>"user_sessions"}
  [4;36;1mUser Columns (2.0ms)[0m   [0;1mSHOW FIELDS FROM `users`[0m
  [4;35;1mUser Load (0.5ms)[0m   [0mSELECT * FROM `users` WHERE (`users`.`persistence_token` = '4568f7edfbd86ffe42ac44616f2da78f209fb8bfc244c62057f9dc007a4c5b53819330064978c2f28d5a280e51174b9f68ed837e81833a04476fb2709f679617') LIMIT 1[0m
  [4;36;1mSQL (0.2ms)[0m   [0;1mBEGIN[0m
  [4;35;1mUser Update (0.4ms)[0m   [0mUPDATE `users` SET `updated_at` = '2010-01-17 02:12:13', `last_request_at` = '2010-01-17 02:12:13' WHERE `id` = 1[0m
  [4;36;1mSQL (0.7ms)[0m   [0;1mCOMMIT[0m
Redirected to http://localhost:3006/account
Filter chain halted as [:require_no_user] rendered_or_redirected.
Completed in 136ms (DB: 6) | 302 Found [http://localhost/]
  [4;35;1mSQL (0.1ms)[0m   [0mSET NAMES 'utf8'[0m
  [4;36;1mSQL (0.1ms)[0m   [0;1mSET SQL_AUTO_IS_NULL=0[0m


Processing UsersController#show (for 127.0.0.1 at 2010-01-16 21:12:13) [GET]
  Parameters: {"action"=>"show", "controller"=>"users"}
  [4;35;1mUser Columns (1.6ms)[0m   [0mSHOW FIELDS FROM `users`[0m
  [4;36;1mUser Load (0.5ms)[0m   [0;1mSELECT * FROM `users` WHERE (`users`.`persistence_token` = '4568f7edfbd86ffe42ac44616f2da78f209fb8bfc244c62057f9dc007a4c5b53819330064978c2f28d5a280e51174b9f68ed837e81833a04476fb2709f679617') LIMIT 1[0m
  [4;35;1mSQL (0.1ms)[0m   [0mBEGIN[0m
  [4;36;1mUser Update (0.4ms)[0m   [0;1mUPDATE `users` SET `updated_at` = '2010-01-17 02:12:13', `last_request_at` = '2010-01-17 02:12:13' WHERE `id` = 1[0m
  [4;35;1mSQL (4.9ms)[0m   [0mCOMMIT[0m
Rendering template within layouts/application
Rendering users/show
  [4;36;1mSQL (0.6ms)[0m   [0;1mSELECT count(*) AS count_all FROM `users` WHERE (last_request_at > '2010-01-17 02:02:13') [0m
Completed in 35ms (View: 9, DB: 9) | 200 OK [http://localhost/account]
  [4;35;1mSQL (0.1ms)[0m   [0mSET NAMES 'utf8'[0m
  [4;36;1mSQL (0.1ms)[0m   [0;1mSET SQL_AUTO_IS_NULL=0[0m


Processing UserSessionsController#destroy (for 127.0.0.1 at 2010-01-16 21:12:18) [DELETE]
  Parameters: {"action"=>"destroy", "_method"=>"delete", "controller"=>"user_sessions"}
  [4;35;1mUser Columns (1.6ms)[0m   [0mSHOW FIELDS FROM `users`[0m
  [4;36;1mUser Load (0.5ms)[0m   [0;1mSELECT * FROM `users` WHERE (`users`.`persistence_token` = '4568f7edfbd86ffe42ac44616f2da78f209fb8bfc244c62057f9dc007a4c5b53819330064978c2f28d5a280e51174b9f68ed837e81833a04476fb2709f679617') LIMIT 1[0m
  [4;35;1mSQL (0.1ms)[0m   [0mBEGIN[0m
  [4;36;1mUser Update (0.3ms)[0m   [0;1mUPDATE `users` SET `updated_at` = '2010-01-17 02:12:18', `last_request_at` = '2010-01-17 02:12:18' WHERE `id` = 1[0m
  [4;35;1mSQL (0.6ms)[0m   [0mCOMMIT[0m
Redirected to http://localhost:3006/
Completed in 21ms (DB: 4) | 302 Found [http://localhost/user_session]
  [4;36;1mSQL (0.2ms)[0m   [0;1mSET NAMES 'utf8'[0m
  [4;35;1mSQL (0.1ms)[0m   [0mSET SQL_AUTO_IS_NULL=0[0m


Processing UserSessionsController#new (for 127.0.0.1 at 2010-01-16 21:12:18) [GET]
  Parameters: {"action"=>"new", "controller"=>"user_sessions"}
  [4;36;1mUser Columns (1.7ms)[0m   [0;1mSHOW FIELDS FROM `users`[0m
Rendering template within layouts/application
Rendering user_sessions/new
  [4;35;1mSQL (0.4ms)[0m   [0mSELECT count(*) AS count_all FROM `users` WHERE (last_request_at > '2010-01-17 02:02:18') [0m
Completed in 20ms (View: 7, DB: 3) | 200 OK [http://localhost/]
  [4;36;1mSQL (0.1ms)[0m   [0;1mSET NAMES 'utf8'[0m
  [4;35;1mSQL (0.7ms)[0m   [0mSET SQL_AUTO_IS_NULL=0[0m


Processing UserSessionsController#create (for 127.0.0.1 at 2010-01-16 21:12:21) [POST]
  Parameters: {"commit"=>"Login", "user_session"=>{"remember_me"=>"0", "password"=>"[FILTERED]", "login"=>"adam"}, "action"=>"create", "controller"=>"user_sessions"}
  [4;36;1mUser Columns (2.0ms)[0m   [0;1mSHOW FIELDS FROM `users`[0m
  [4;35;1mUser Load (0.4ms)[0m   [0mSELECT * FROM `users` WHERE (LOWER(`users`.login) = 'adam') LIMIT 1[0m
  [4;36;1mSQL (0.1ms)[0m   [0;1mBEGIN[0m
  [4;35;1mUser Update (0.4ms)[0m   [0mUPDATE `users` SET `updated_at` = '2010-01-17 02:12:21', `last_login_at` = '2010-01-17 02:11:29', `last_login_ip` = '127.0.0.1', `current_login_at` = '2010-01-17 02:12:21', `login_count` = 2, `last_request_at` = '2010-01-17 02:12:21' WHERE `id` = 1[0m
  [4;36;1mSQL (0.9ms)[0m   [0;1mCOMMIT[0m
Redirected to http://localhost:3006/account
Completed in 149ms (DB: 5) | 302 Found [http://localhost/user_session]
  [4;35;1mSQL (0.1ms)[0m   [0mSET NAMES 'utf8'[0m
  [4;36;1mSQL (0.1ms)[0m   [0;1mSET SQL_AUTO_IS_NULL=0[0m


Processing UsersController#show (for 127.0.0.1 at 2010-01-16 21:12:21) [GET]
  Parameters: {"action"=>"show", "controller"=>"users"}
  [4;35;1mUser Columns (1.6ms)[0m   [0mSHOW FIELDS FROM `users`[0m
  [4;36;1mUser Load (12.1ms)[0m   [0;1mSELECT * FROM `users` WHERE (`users`.`id` = '1') LIMIT 1[0m
  [4;35;1mSQL (0.1ms)[0m   [0mBEGIN[0m
  [4;36;1mUser Update (0.2ms)[0m   [0;1mUPDATE `users` SET `updated_at` = '2010-01-17 02:12:21', `last_request_at` = '2010-01-17 02:12:21' WHERE `id` = 1[0m
  [4;35;1mSQL (0.6ms)[0m   [0mCOMMIT[0m
Rendering template within layouts/application
Rendering users/show
  [4;36;1mSQL (0.3ms)[0m   [0;1mSELECT count(*) AS count_all FROM `users` WHERE (last_request_at > '2010-01-17 02:02:21') [0m
Completed in 33ms (View: 3, DB: 15) | 200 OK [http://localhost/account]
  [4;35;1mSQL (0.2ms)[0m   [0mSET NAMES 'utf8'[0m
  [4;36;1mSQL (0.1ms)[0m   [0;1mSET SQL_AUTO_IS_NULL=0[0m


Processing UsersController#show (for 127.0.0.1 at 2010-01-16 21:13:03) [GET]
  Parameters: {"action"=>"show", "controller"=>"users"}
  [4;35;1mUser Columns (1.9ms)[0m   [0mSHOW FIELDS FROM `users`[0m
  [4;36;1mUser Load (0.3ms)[0m   [0;1mSELECT * FROM `users` WHERE (`users`.`id` = '1') LIMIT 1[0m
  [4;35;1mSQL (0.1ms)[0m   [0mBEGIN[0m
  [4;36;1mUser Update (0.3ms)[0m   [0;1mUPDATE `users` SET `updated_at` = '2010-01-17 02:13:03', `last_request_at` = '2010-01-17 02:13:03' WHERE `id` = 1[0m
  [4;35;1mSQL (0.6ms)[0m   [0mCOMMIT[0m
Rendering template within layouts/application
Rendering users/show
  [4;36;1mSQL (0.3ms)[0m   [0;1mSELECT count(*) AS count_all FROM `users` WHERE (last_request_at > '2010-01-17 02:03:03') [0m
Completed in 25ms (View: 6, DB: 4) | 200 OK [http://localhost/account]
  [4;35;1mSQL (0.1ms)[0m   [0mSET NAMES 'utf8'[0m
  [4;36;1mSQL (0.1ms)[0m   [0;1mSET SQL_AUTO_IS_NULL=0[0m


Processing UserSessionsController#new (for 127.0.0.1 at 2010-01-16 21:13:05) [GET]
  Parameters: {"action"=>"new", "controller"=>"user_sessions"}
  [4;35;1mUser Columns (1.8ms)[0m   [0mSHOW FIELDS FROM `users`[0m
  [4;36;1mUser Load (0.4ms)[0m   [0;1mSELECT * FROM `users` WHERE (`users`.`id` = '1') LIMIT 1[0m
  [4;35;1mSQL (0.1ms)[0m   [0mBEGIN[0m
  [4;36;1mUser Update (0.2ms)[0m   [0;1mUPDATE `users` SET `updated_at` = '2010-01-17 02:13:05', `last_request_at` = '2010-01-17 02:13:05' WHERE `id` = 1[0m
  [4;35;1mSQL (0.6ms)[0m   [0mCOMMIT[0m
Redirected to http://localhost:3006/account
Filter chain halted as [:require_no_user] rendered_or_redirected.
Completed in 19ms (DB: 4) | 302 Found [http://localhost/]
  [4;36;1mSQL (0.1ms)[0m   [0;1mSET NAMES 'utf8'[0m
  [4;35;1mSQL (0.1ms)[0m   [0mSET SQL_AUTO_IS_NULL=0[0m


Processing UsersController#show (for 127.0.0.1 at 2010-01-16 21:13:05) [GET]
  Parameters: {"action"=>"show", "controller"=>"users"}
  [4;36;1mUser Columns (1.6ms)[0m   [0;1mSHOW FIELDS FROM `users`[0m
  [4;35;1mUser Load (0.4ms)[0m   [0mSELECT * FROM `users` WHERE (`users`.`id` = '1') LIMIT 1[0m
  [4;36;1mSQL (0.1ms)[0m   [0;1mBEGIN[0m
  [4;35;1mUser Update (0.2ms)[0m   [0mUPDATE `users` SET `updated_at` = '2010-01-17 02:13:05', `last_request_at` = '2010-01-17 02:13:05' WHERE `id` = 1[0m
  [4;36;1mSQL (0.7ms)[0m   [0;1mCOMMIT[0m
Rendering template within layouts/application
Rendering users/show
  [4;35;1mSQL (0.3ms)[0m   [0mSELECT count(*) AS count_all FROM `users` WHERE (last_request_at > '2010-01-17 02:03:05') [0m
Completed in 22ms (View: 3, DB: 4) | 200 OK [http://localhost/account]
  [4;36;1mSQL (0.2ms)[0m   [0;1mSET NAMES 'utf8'[0m
  [4;35;1mSQL (0.1ms)[0m   [0mSET SQL_AUTO_IS_NULL=0[0m


Processing UsersController#show (for 127.0.0.1 at 2010-01-16 21:13:22) [GET]
  Parameters: {"action"=>"show", "controller"=>"users"}
  [4;36;1mUser Columns (1.8ms)[0m   [0;1mSHOW FIELDS FROM `users`[0m
  [4;35;1mUser Load (0.4ms)[0m   [0mSELECT * FROM `users` WHERE (`users`.`id` = '1') LIMIT 1[0m
  [4;36;1mSQL (0.1ms)[0m   [0;1mBEGIN[0m
  [4;35;1mUser Update (0.2ms)[0m   [0mUPDATE `users` SET `updated_at` = '2010-01-17 02:13:22', `last_request_at` = '2010-01-17 02:13:22' WHERE `id` = 1[0m
  [4;36;1mSQL (0.7ms)[0m   [0;1mCOMMIT[0m
Rendering template within layouts/application
Rendering users/show
  [4;35;1mSQL (0.2ms)[0m   [0mSELECT count(*) AS count_all FROM `users` WHERE (last_request_at > '2010-01-17 02:03:22') [0m
Completed in 26ms (View: 6, DB: 4) | 200 OK [http://localhost/account]
  [4;36;1mSQL (0.1ms)[0m   [0;1mSET NAMES 'utf8'[0m
  [4;35;1mSQL (0.1ms)[0m   [0mSET SQL_AUTO_IS_NULL=0[0m


Processing UserSessionsController#destroy (for 127.0.0.1 at 2010-01-16 21:13:26) [DELETE]
  Parameters: {"action"=>"destroy", "_method"=>"delete", "controller"=>"user_sessions"}
  [4;36;1mUser Columns (1.8ms)[0m   [0;1mSHOW FIELDS FROM `users`[0m
  [4;35;1mUser Load (0.4ms)[0m   [0mSELECT * FROM `users` WHERE (`users`.`id` = '1') LIMIT 1[0m
  [4;36;1mSQL (0.1ms)[0m   [0;1mBEGIN[0m
  [4;35;1mUser Update (0.2ms)[0m   [0mUPDATE `users` SET `updated_at` = '2010-01-17 02:13:26', `last_request_at` = '2010-01-17 02:13:26' WHERE `id` = 1[0m
  [4;36;1mSQL (13.5ms)[0m   [0;1mCOMMIT[0m
Redirected to http://localhost:3006/
Completed in 33ms (DB: 17) | 302 Found [http://localhost/user_session]
  [4;35;1mSQL (0.1ms)[0m   [0mSET NAMES 'utf8'[0m
  [4;36;1mSQL (0.1ms)[0m   [0;1mSET SQL_AUTO_IS_NULL=0[0m


Processing UserSessionsController#new (for 127.0.0.1 at 2010-01-16 21:13:26) [GET]
  Parameters: {"action"=>"new", "controller"=>"user_sessions"}
  [4;35;1mUser Columns (1.7ms)[0m   [0mSHOW FIELDS FROM `users`[0m
Rendering template within layouts/application
Rendering user_sessions/new
  [4;36;1mSQL (0.3ms)[0m   [0;1mSELECT count(*) AS count_all FROM `users` WHERE (last_request_at > '2010-01-17 02:03:26') [0m
Completed in 16ms (View: 4, DB: 3) | 200 OK [http://localhost/]
  [4;35;1mSQL (0.2ms)[0m   [0mSET NAMES 'utf8'[0m
  [4;36;1mSQL (0.1ms)[0m   [0;1mSET SQL_AUTO_IS_NULL=0[0m


Processing UsersController#new (for 127.0.0.1 at 2010-01-16 21:13:28) [GET]
  Parameters: {"action"=>"new", "controller"=>"users"}
  [4;35;1mUser Columns (10.1ms)[0m   [0mSHOW FIELDS FROM `users`[0m
Rendering template within layouts/application
Rendering users/new
Rendered users/_form (1.1ms)
  [4;36;1mSQL (0.4ms)[0m   [0;1mSELECT count(*) AS count_all FROM `users` WHERE (last_request_at > '2010-01-17 02:03:28') [0m
Completed in 33ms (View: 10, DB: 11) | 200 OK [http://localhost/account/new]
  [4;36;1mSQL (13.6ms)[0m   [0;1mSET NAMES 'utf8'[0m
  [4;35;1mSQL (0.1ms)[0m   [0mSET SQL_AUTO_IS_NULL=0[0m
  [4;36;1mSQL (34.8ms)[0m   [0;1mSHOW TABLES[0m
  [4;35;1mSQL (0.3ms)[0m   [0mSELECT version FROM schema_migrations[0m
Migrating to CreateUsers (20081103171327)
Migrating to CreateSessions (20081106072031)
Migrating to CreateImages (20100117023104)
  [4;36;1mSQL (0.4ms)[0m   [0;1mSHOW TABLES[0m
  [4;35;1mSQL (315.1ms)[0m   [0mCREATE TABLE `images` (`id` int(11) DEFAULT NULL auto_increment PRIMARY KEY, `user_id` int(11), `filename` varchar(255), `name` varchar(255), `description` text, `content_type` varchar(255), `size` int(11), `width` int(11), `height` int(11), `parent_id` int(11), `thumbnail` varchar(255), `imageable_type` varchar(15), `imageable_id` int(11), `position` int(11), `created_at` datetime, `updated_at` datetime) ENGINE=InnoDB[0m
  [4;36;1mSQL (208.7ms)[0m   [0;1mCREATE INDEX `index_images_on_user_id` ON `images` (`user_id`)[0m
  [4;35;1mSQL (251.6ms)[0m   [0mCREATE INDEX `index_images_on_imageable_type_and_imageable_id` ON `images` (`imageable_type`, `imageable_id`)[0m
  [4;36;1mSQL (224.2ms)[0m   [0;1mCREATE INDEX `index_images_on_imageable_type_and_imageable_id_and_user_id` ON `images` (`imageable_type`, `imageable_id`, `user_id`)[0m
  [4;35;1mSQL (0.8ms)[0m   [0mINSERT INTO schema_migrations (version) VALUES ('20100117023104')[0m
Migrating to CreateComments (20100117023123)
  [4;36;1mSQL (0.5ms)[0m   [0;1mSHOW TABLES[0m
  [4;35;1mSQL (84.5ms)[0m   [0mCREATE TABLE `comments` (`id` int(11) DEFAULT NULL auto_increment PRIMARY KEY, `user_id` int(11), `body` text, `commentable_type` varchar(20), `commentable_id` int(11), `created_at` datetime, `updated_at` datetime) ENGINE=InnoDB[0m
  [4;36;1mSQL (0.7ms)[0m   [0;1mINSERT INTO schema_migrations (version) VALUES ('20100117023123')[0m
Migrating to CreateBreweries (20100117024513)
  [4;35;1mSQL (0.6ms)[0m   [0mSHOW TABLES[0m
  [4;36;1mSQL (176.0ms)[0m   [0;1mCREATE TABLE `breweries` (`id` int(11) DEFAULT NULL auto_increment PRIMARY KEY, `user_id` int(11), `name` varchar(255), `about` text, `type` varchar(15) DEFAULT 'homebrew', `created_at` datetime, `updated_at` datetime) ENGINE=InnoDB[0m
  [4;35;1mSQL (1.2ms)[0m   [0mINSERT INTO schema_migrations (version) VALUES ('20100117024513')[0m
Migrating to CreateMemberships (20100117032912)
  [4;36;1mSQL (0.5ms)[0m   [0;1mSHOW TABLES[0m
  [4;35;1mSQL (140.6ms)[0m   [0mCREATE TABLE `memberships` (`id` int(11) DEFAULT NULL auto_increment PRIMARY KEY, `user_id` int(11), `brewery_id` int(11), `role` varchar(10)) ENGINE=InnoDB[0m
  [4;36;1mSQL (1.1ms)[0m   [0;1mINSERT INTO schema_migrations (version) VALUES ('20100117032912')[0m
  [4;35;1mSQL (0.8ms)[0m   [0mSHOW TABLES[0m
  [4;36;1mSQL (0.2ms)[0m   [0;1mSELECT version FROM schema_migrations[0m
  [4;35;1mSQL (0.3ms)[0m   [0mSHOW TABLES[0m
  [4;36;1mSQL (11.7ms)[0m   [0;1mSHOW FIELDS FROM `breweries`[0m
  [4;35;1mSQL (2.1ms)[0m   [0mdescribe `breweries`[0m
  [4;36;1mSQL (0.7ms)[0m   [0;1mSHOW KEYS FROM `breweries`[0m
  [4;35;1mSQL (1.2ms)[0m   [0mSHOW FIELDS FROM `comments`[0m
  [4;36;1mSQL (4.5ms)[0m   [0;1mdescribe `comments`[0m
  [4;35;1mSQL (10.8ms)[0m   [0mSHOW KEYS FROM `comments`[0m
  [4;36;1mSQL (1.6ms)[0m   [0;1mSHOW FIELDS FROM `images`[0m
  [4;35;1mSQL (2.7ms)[0m   [0mdescribe `images`[0m
  [4;36;1mSQL (1.6ms)[0m   [0;1mSHOW KEYS FROM `images`[0m
  [4;35;1mSQL (1.2ms)[0m   [0mSHOW FIELDS FROM `memberships`[0m
  [4;36;1mSQL (2.5ms)[0m   [0;1mdescribe `memberships`[0m
  [4;35;1mSQL (1.4ms)[0m   [0mSHOW KEYS FROM `memberships`[0m
  [4;36;1mSQL (1.2ms)[0m   [0;1mSHOW FIELDS FROM `sessions`[0m
  [4;35;1mSQL (3.4ms)[0m   [0mdescribe `sessions`[0m
  [4;36;1mSQL (1.2ms)[0m   [0;1mSHOW KEYS FROM `sessions`[0m
  [4;35;1mSQL (1.5ms)[0m   [0mSHOW FIELDS FROM `users`[0m
  [4;36;1mSQL (3.4ms)[0m   [0;1mdescribe `users`[0m
  [4;35;1mSQL (1.5ms)[0m   [0mSHOW KEYS FROM `users`[0m
  [4;36;1mSQL (0.1ms)[0m   [0;1mSET NAMES 'utf8'[0m
  [4;35;1mSQL (0.2ms)[0m   [0mSET SQL_AUTO_IS_NULL=0[0m
  [4;36;1mUser Columns (9.4ms)[0m   [0;1mSHOW FIELDS FROM `users`[0m
  [4;35;1mUser Load (0.5ms)[0m   [0mSELECT * FROM `users` WHERE (`users`.`id` = 1) [0m
  [4;36;1mBrewery Load (0.4ms)[0m   [0;1mSELECT `breweries`.* FROM `breweries` INNER JOIN `memberships` ON `breweries`.id = `memberships`.brewery_id WHERE ((`memberships`.user_id = 1)) [0m
  [4;35;1mMembership Load (0.4ms)[0m   [0mSELECT * FROM `memberships` WHERE (`memberships`.user_id = 1) [0m
  [4;36;1mBrewery Columns (2.2ms)[0m   [0;1mSHOW FIELDS FROM `breweries`[0m
  [4;35;1mSQL (0.2ms)[0m   [0mBEGIN[0m
  [4;36;1mBrewery Create (10.3ms)[0m   [0;1mINSERT INTO `breweries` (`name`, `created_at`, `updated_at`, `user_id`, `about`, `type`) VALUES('Giles Corey Brewing Co.', '2010-01-17 03:30:48', '2010-01-17 03:30:48', NULL, NULL, 'homebrew')[0m
  [4;35;1mSQL (15.7ms)[0m   [0mCOMMIT[0m
  [4;36;1mMembership Columns (1.6ms)[0m   [0;1mSHOW FIELDS FROM `memberships`[0m
  [4;35;1mSQL (0.1ms)[0m   [0mBEGIN[0m
  [4;36;1mMembership Create (0.3ms)[0m   [0;1mINSERT INTO `memberships` (`role`, `user_id`, `brewery_id`) VALUES('owner', NULL, 1)[0m
  [4;35;1mSQL (0.6ms)[0m   [0mCOMMIT[0m
  [4;36;1mSQL (0.1ms)[0m   [0;1mBEGIN[0m
  [4;35;1mMembership Update (0.3ms)[0m   [0mUPDATE `memberships` SET `user_id` = 1 WHERE `id` = 1[0m
  [4;36;1mSQL (15.4ms)[0m   [0;1mCOMMIT[0m
  [4;35;1mSQL (0.9ms)[0m   [0mSHOW TABLES[0m
  [4;36;1mSQL (0.2ms)[0m   [0;1mBEGIN[0m
  [4;35;1mSQL (0.2ms)[0m   [0mCOMMIT[0m
  [4;36;1mSQL (0.1ms)[0m   [0;1mSET NAMES 'utf8'[0m
  [4;35;1mSQL (0.1ms)[0m   [0mSET SQL_AUTO_IS_NULL=0[0m
  [4;36;1mSQL (0.3ms)[0m   [0;1mSHOW TABLES[0m
  [4;35;1mSQL (87.9ms)[0m   [0mCREATE TABLE `schema_migrations` (`version` varchar(255) NOT NULL) ENGINE=InnoDB[0m
  [4;36;1mSQL (173.6ms)[0m   [0;1mCREATE UNIQUE INDEX `unique_schema_migrations` ON `schema_migrations` (`version`)[0m
  [4;35;1mSQL (0.4ms)[0m   [0mSHOW TABLES[0m
  [4;36;1mSQL (0.2ms)[0m   [0;1mSELECT version FROM schema_migrations[0m
Migrating to CreateUsers (20081103171327)
  [4;35;1mSQL (53.1ms)[0m   [0mCREATE TABLE `users` (`id` int(11) DEFAULT NULL auto_increment PRIMARY KEY, `created_at` datetime, `updated_at` datetime, `login` varchar(255) NOT NULL, `crypted_password` varchar(255) NOT NULL, `password_salt` varchar(255) NOT NULL, `persistence_token` varchar(255) NOT NULL, `login_count` int(11) DEFAULT 0 NOT NULL, `last_request_at` datetime, `last_login_at` datetime, `current_login_at` datetime, `last_login_ip` varchar(255), `current_login_ip` varchar(255)) ENGINE=InnoDB[0m
  [4;36;1mSQL (102.7ms)[0m   [0;1mCREATE INDEX `index_users_on_login` ON `users` (`login`)[0m
  [4;35;1mSQL (203.5ms)[0m   [0mCREATE INDEX `index_users_on_persistence_token` ON `users` (`persistence_token`)[0m
  [4;36;1mSQL (158.0ms)[0m   [0;1mCREATE INDEX `index_users_on_last_request_at` ON `users` (`last_request_at`)[0m
  [4;35;1mSQL (1.9ms)[0m   [0mINSERT INTO schema_migrations (version) VALUES ('20081103171327')[0m
Migrating to CreateSessions (20081106072031)
  [4;36;1mSQL (65.0ms)[0m   [0;1mCREATE TABLE `sessions` (`id` int(11) DEFAULT NULL auto_increment PRIMARY KEY, `session_id` varchar(255) NOT NULL, `data` text, `created_at` datetime, `updated_at` datetime) ENGINE=InnoDB[0m
  [4;35;1mSQL (120.8ms)[0m   [0mCREATE INDEX `index_sessions_on_session_id` ON `sessions` (`session_id`)[0m
  [4;36;1mSQL (124.5ms)[0m   [0;1mCREATE INDEX `index_sessions_on_updated_at` ON `sessions` (`updated_at`)[0m
  [4;35;1mSQL (0.8ms)[0m   [0mINSERT INTO schema_migrations (version) VALUES ('20081106072031')[0m
Migrating to CreateImages (20100117023104)
  [4;36;1mSQL (0.4ms)[0m   [0;1mSHOW TABLES[0m
  [4;35;1mSQL (108.1ms)[0m   [0mCREATE TABLE `images` (`id` int(11) DEFAULT NULL auto_increment PRIMARY KEY, `user_id` int(11), `filename` varchar(255), `name` varchar(255), `description` text, `content_type` varchar(255), `size` int(11), `width` int(11), `height` int(11), `parent_id` int(11), `thumbnail` varchar(255), `imageable_type` varchar(15), `imageable_id` int(11), `position` int(11), `created_at` datetime, `updated_at` datetime) ENGINE=InnoDB[0m
  [4;36;1mSQL (115.8ms)[0m   [0;1mCREATE INDEX `index_images_on_user_id` ON `images` (`user_id`)[0m
  [4;35;1mSQL (134.3ms)[0m   [0mCREATE INDEX `index_images_on_imageable_type_and_imageable_id` ON `images` (`imageable_type`, `imageable_id`)[0m
  [4;36;1mSQL (130.2ms)[0m   [0;1mCREATE INDEX `index_images_on_imageable_type_and_imageable_id_and_user_id` ON `images` (`imageable_type`, `imageable_id`, `user_id`)[0m
  [4;35;1mSQL (0.8ms)[0m   [0mINSERT INTO schema_migrations (version) VALUES ('20100117023104')[0m
Migrating to CreateComments (20100117023123)
  [4;36;1mSQL (0.5ms)[0m   [0;1mSHOW TABLES[0m
  [4;35;1mSQL (118.6ms)[0m   [0mCREATE TABLE `comments` (`id` int(11) DEFAULT NULL auto_increment PRIMARY KEY, `user_id` int(11), `body` text, `commentable_type` varchar(20), `commentable_id` int(11), `created_at` datetime, `updated_at` datetime) ENGINE=InnoDB[0m
  [4;36;1mSQL (0.7ms)[0m   [0;1mINSERT INTO schema_migrations (version) VALUES ('20100117023123')[0m
Migrating to CreateBreweries (20100117024513)
  [4;35;1mSQL (0.5ms)[0m   [0mSHOW TABLES[0m
  [4;36;1mSQL (96.0ms)[0m   [0;1mCREATE TABLE `breweries` (`id` int(11) DEFAULT NULL auto_increment PRIMARY KEY, `creator_id` int(11), `name` varchar(255), `about` text, `type` varchar(15) DEFAULT 'homebrew', `created_at` datetime, `updated_at` datetime) ENGINE=InnoDB[0m
  [4;35;1mSQL (0.7ms)[0m   [0mINSERT INTO schema_migrations (version) VALUES ('20100117024513')[0m
Migrating to CreateMemberships (20100117032912)
  [4;36;1mSQL (0.4ms)[0m   [0;1mSHOW TABLES[0m
  [4;35;1mSQL (96.6ms)[0m   [0mCREATE TABLE `memberships` (`id` int(11) DEFAULT NULL auto_increment PRIMARY KEY, `user_id` int(11), `brewery_id` int(11), `role` varchar(10)) ENGINE=InnoDB[0m
  [4;36;1mSQL (0.7ms)[0m   [0;1mINSERT INTO schema_migrations (version) VALUES ('20100117032912')[0m
  [4;35;1mSQL (0.5ms)[0m   [0mSHOW TABLES[0m
  [4;36;1mSQL (0.2ms)[0m   [0;1mSELECT version FROM schema_migrations[0m
  [4;35;1mSQL (0.3ms)[0m   [0mSHOW TABLES[0m
  [4;36;1mSQL (1.7ms)[0m   [0;1mSHOW FIELDS FROM `breweries`[0m
  [4;35;1mSQL (3.0ms)[0m   [0mdescribe `breweries`[0m
  [4;36;1mSQL (1.0ms)[0m   [0;1mSHOW KEYS FROM `breweries`[0m
  [4;35;1mSQL (1.2ms)[0m   [0mSHOW FIELDS FROM `comments`[0m
  [4;36;1mSQL (3.3ms)[0m   [0;1mdescribe `comments`[0m
  [4;35;1mSQL (1.1ms)[0m   [0mSHOW KEYS FROM `comments`[0m
  [4;36;1mSQL (1.4ms)[0m   [0;1mSHOW FIELDS FROM `images`[0m
  [4;35;1mSQL (3.6ms)[0m   [0mdescribe `images`[0m
  [4;36;1mSQL (1.1ms)[0m   [0;1mSHOW KEYS FROM `images`[0m
  [4;35;1mSQL (1.9ms)[0m   [0mSHOW FIELDS FROM `memberships`[0m
  [4;36;1mSQL (4.3ms)[0m   [0;1mdescribe `memberships`[0m
  [4;35;1mSQL (1.3ms)[0m   [0mSHOW KEYS FROM `memberships`[0m
  [4;36;1mSQL (1.8ms)[0m   [0;1mSHOW FIELDS FROM `sessions`[0m
  [4;35;1mSQL (3.7ms)[0m   [0mdescribe `sessions`[0m
  [4;36;1mSQL (1.1ms)[0m   [0;1mSHOW KEYS FROM `sessions`[0m
  [4;35;1mSQL (1.6ms)[0m   [0mSHOW FIELDS FROM `users`[0m
  [4;36;1mSQL (3.6ms)[0m   [0;1mdescribe `users`[0m
  [4;35;1mSQL (0.5ms)[0m   [0mSHOW KEYS FROM `users`[0m
  [4;36;1mSQL (0.1ms)[0m   [0;1mSET NAMES 'utf8'[0m
  [4;35;1mSQL (0.1ms)[0m   [0mSET SQL_AUTO_IS_NULL=0[0m
  [4;36;1mUser Columns (2.0ms)[0m   [0;1mSHOW FIELDS FROM `users`[0m
  [4;35;1mSQL (0.2ms)[0m   [0mBEGIN[0m
  [4;36;1mUser Exists (0.4ms)[0m   [0;1mSELECT `users`.id FROM `users` WHERE (LOWER(`users`.`login`) = BINARY 'test') LIMIT 1[0m
  [4;35;1mUser Exists (0.2ms)[0m   [0mSELECT `users`.id FROM `users` WHERE (`users`.`persistence_token` = BINARY 'b715e6866c2e5073329680e838ff36a1ef34b3c10c4a938b3afb2496673146571abdaada6c260e7f7a4c10d9f9774b8bfb4ac61fe64ce44756166151c8e85641') LIMIT 1[0m
  [4;36;1mUser Create (16.1ms)[0m   [0;1mINSERT INTO `users` (`created_at`, `last_request_at`, `crypted_password`, `updated_at`, `current_login_ip`, `password_salt`, `current_login_at`, `persistence_token`, `login_count`, `last_login_ip`, `login`, `last_login_at`) VALUES('2010-01-17 03:33:16', NULL, '2272922c774cc1e9a01626a4203cb2d2797aefd560b5d48446a197bb44154d6b645387afa252ea3bae655bcb9e9258dbdc0ea863ab079bf50832c439672cd6ce', '2010-01-17 03:33:16', NULL, 'rNiKfMnM4f8EBmy-j88J', NULL, 'b715e6866c2e5073329680e838ff36a1ef34b3c10c4a938b3afb2496673146571abdaada6c260e7f7a4c10d9f9774b8bfb4ac61fe64ce44756166151c8e85641', 0, NULL, 'test', NULL)[0m
  [4;35;1mSQL (0.7ms)[0m   [0mCOMMIT[0m
  [4;36;1mSQL (0.4ms)[0m   [0;1mSELECT count(*) AS count_all FROM `users` [0m
  [4;36;1mSQL (0.2ms)[0m   [0;1mSET NAMES 'utf8'[0m
  [4;35;1mSQL (0.1ms)[0m   [0mSET SQL_AUTO_IS_NULL=0[0m
  [4;36;1mSQL (0.3ms)[0m   [0;1mSHOW TABLES[0m
  [4;35;1mSQL (214.9ms)[0m   [0mCREATE TABLE `schema_migrations` (`version` varchar(255) NOT NULL) ENGINE=InnoDB[0m
  [4;36;1mSQL (187.3ms)[0m   [0;1mCREATE UNIQUE INDEX `unique_schema_migrations` ON `schema_migrations` (`version`)[0m
  [4;35;1mSQL (0.5ms)[0m   [0mSHOW TABLES[0m
  [4;36;1mSQL (0.3ms)[0m   [0;1mSELECT version FROM schema_migrations[0m
Migrating to CreateUsers (20081103171327)
  [4;35;1mSQL (59.5ms)[0m   [0mCREATE TABLE `users` (`id` int(11) DEFAULT NULL auto_increment PRIMARY KEY, `created_at` datetime, `updated_at` datetime, `login` varchar(255) NOT NULL, `crypted_password` varchar(255) NOT NULL, `password_salt` varchar(255) NOT NULL, `persistence_token` varchar(255) NOT NULL, `login_count` int(11) DEFAULT 0 NOT NULL, `last_request_at` datetime, `last_login_at` datetime, `current_login_at` datetime, `last_login_ip` varchar(255), `current_login_ip` varchar(255)) ENGINE=InnoDB[0m
  [4;36;1mSQL (103.3ms)[0m   [0;1mCREATE INDEX `index_users_on_login` ON `users` (`login`)[0m
  [4;35;1mSQL (115.6ms)[0m   [0mCREATE INDEX `index_users_on_persistence_token` ON `users` (`persistence_token`)[0m
  [4;36;1mSQL (191.4ms)[0m   [0;1mCREATE INDEX `index_users_on_last_request_at` ON `users` (`last_request_at`)[0m
  [4;35;1mSQL (0.9ms)[0m   [0mINSERT INTO schema_migrations (version) VALUES ('20081103171327')[0m
Migrating to CreateSessions (20081106072031)
  [4;36;1mSQL (128.2ms)[0m   [0;1mCREATE TABLE `sessions` (`id` int(11) DEFAULT NULL auto_increment PRIMARY KEY, `session_id` varchar(255) NOT NULL, `data` text, `created_at` datetime, `updated_at` datetime) ENGINE=InnoDB[0m
  [4;35;1mSQL (110.4ms)[0m   [0mCREATE INDEX `index_sessions_on_session_id` ON `sessions` (`session_id`)[0m
  [4;36;1mSQL (130.1ms)[0m   [0;1mCREATE INDEX `index_sessions_on_updated_at` ON `sessions` (`updated_at`)[0m
  [4;35;1mSQL (1.5ms)[0m   [0mINSERT INTO schema_migrations (version) VALUES ('20081106072031')[0m
Migrating to CreateImages (20100117023104)
  [4;36;1mSQL (0.6ms)[0m   [0;1mSHOW TABLES[0m
  [4;35;1mSQL (142.7ms)[0m   [0mCREATE TABLE `images` (`id` int(11) DEFAULT NULL auto_increment PRIMARY KEY, `user_id` int(11), `filename` varchar(255), `name` varchar(255), `description` text, `content_type` varchar(255), `size` int(11), `width` int(11), `height` int(11), `parent_id` int(11), `thumbnail` varchar(255), `imageable_type` varchar(15), `imageable_id` int(11), `position` int(11), `created_at` datetime, `updated_at` datetime) ENGINE=InnoDB[0m
  [4;36;1mSQL (342.4ms)[0m   [0;1mCREATE INDEX `index_images_on_user_id` ON `images` (`user_id`)[0m
  [4;35;1mSQL (115.7ms)[0m   [0mCREATE INDEX `index_images_on_imageable_type_and_imageable_id` ON `images` (`imageable_type`, `imageable_id`)[0m
  [4;36;1mSQL (152.8ms)[0m   [0;1mCREATE INDEX `index_images_on_imageable_type_and_imageable_id_and_user_id` ON `images` (`imageable_type`, `imageable_id`, `user_id`)[0m
  [4;35;1mSQL (0.8ms)[0m   [0mINSERT INTO schema_migrations (version) VALUES ('20100117023104')[0m
Migrating to CreateComments (20100117023123)
  [4;36;1mSQL (0.4ms)[0m   [0;1mSHOW TABLES[0m
  [4;35;1mSQL (122.4ms)[0m   [0mCREATE TABLE `comments` (`id` int(11) DEFAULT NULL auto_increment PRIMARY KEY, `user_id` int(11), `body` text, `commentable_type` varchar(20), `commentable_id` int(11), `created_at` datetime, `updated_at` datetime) ENGINE=InnoDB[0m
  [4;36;1mSQL (0.7ms)[0m   [0;1mINSERT INTO schema_migrations (version) VALUES ('20100117023123')[0m
Migrating to CreateBreweries (20100117024513)
  [4;35;1mSQL (0.5ms)[0m   [0mSHOW TABLES[0m
  [4;36;1mSQL (118.4ms)[0m   [0;1mCREATE TABLE `breweries` (`id` int(11) DEFAULT NULL auto_increment PRIMARY KEY, `creator_id` int(11), `name` varchar(255), `about` text, `type` varchar(15) DEFAULT 'homebrew', `created_at` datetime, `updated_at` datetime) ENGINE=InnoDB[0m
  [4;35;1mSQL (0.8ms)[0m   [0mINSERT INTO schema_migrations (version) VALUES ('20100117024513')[0m
Migrating to CreateMemberships (20100117032912)
  [4;36;1mSQL (0.5ms)[0m   [0;1mSHOW TABLES[0m
  [4;35;1mSQL (124.0ms)[0m   [0mCREATE TABLE `memberships` (`id` int(11) DEFAULT NULL auto_increment PRIMARY KEY, `user_id` int(11), `brewery_id` int(11), `role` varchar(10)) ENGINE=InnoDB[0m
  [4;36;1mSQL (0.7ms)[0m   [0;1mINSERT INTO schema_migrations (version) VALUES ('20100117032912')[0m
  [4;35;1mSQL (0.5ms)[0m   [0mSHOW TABLES[0m
  [4;36;1mSQL (0.1ms)[0m   [0;1mSELECT version FROM schema_migrations[0m
  [4;35;1mSQL (0.6ms)[0m   [0mSHOW TABLES[0m
  [4;36;1mSQL (44.0ms)[0m   [0;1mSHOW FIELDS FROM `breweries`[0m
  [4;35;1mSQL (1.7ms)[0m   [0mdescribe `breweries`[0m
  [4;36;1mSQL (0.9ms)[0m   [0;1mSHOW KEYS FROM `breweries`[0m
  [4;35;1mSQL (1.1ms)[0m   [0mSHOW FIELDS FROM `comments`[0m
  [4;36;1mSQL (2.7ms)[0m   [0;1mdescribe `comments`[0m
  [4;35;1mSQL (0.9ms)[0m   [0mSHOW KEYS FROM `comments`[0m
  [4;36;1mSQL (1.4ms)[0m   [0;1mSHOW FIELDS FROM `images`[0m
  [4;35;1mSQL (2.3ms)[0m   [0mdescribe `images`[0m
  [4;36;1mSQL (1.0ms)[0m   [0;1mSHOW KEYS FROM `images`[0m
  [4;35;1mSQL (1.4ms)[0m   [0mSHOW FIELDS FROM `memberships`[0m
  [4;36;1mSQL (2.2ms)[0m   [0;1mdescribe `memberships`[0m
  [4;35;1mSQL (1.1ms)[0m   [0mSHOW KEYS FROM `memberships`[0m
  [4;36;1mSQL (2.4ms)[0m   [0;1mSHOW FIELDS FROM `sessions`[0m
  [4;35;1mSQL (2.1ms)[0m   [0mdescribe `sessions`[0m
  [4;36;1mSQL (1.6ms)[0m   [0;1mSHOW KEYS FROM `sessions`[0m
  [4;35;1mSQL (2.2ms)[0m   [0mSHOW FIELDS FROM `users`[0m
  [4;36;1mSQL (2.0ms)[0m   [0;1mdescribe `users`[0m
  [4;35;1mSQL (0.5ms)[0m   [0mSHOW KEYS FROM `users`[0m
  [4;36;1mSQL (0.1ms)[0m   [0;1mSET NAMES 'utf8'[0m
  [4;35;1mSQL (0.1ms)[0m   [0mSET SQL_AUTO_IS_NULL=0[0m
  [4;36;1mSQL (0.3ms)[0m   [0;1mSHOW TABLES[0m
  [4;35;1mSQL (64.8ms)[0m   [0mCREATE TABLE `schema_migrations` (`version` varchar(255) NOT NULL) ENGINE=InnoDB[0m
  [4;36;1mSQL (223.0ms)[0m   [0;1mCREATE UNIQUE INDEX `unique_schema_migrations` ON `schema_migrations` (`version`)[0m
  [4;35;1mSQL (0.4ms)[0m   [0mSHOW TABLES[0m
  [4;36;1mSQL (0.2ms)[0m   [0;1mSELECT version FROM schema_migrations[0m
Migrating to CreateUsers (20081103171327)
  [4;35;1mSQL (57.1ms)[0m   [0mCREATE TABLE `users` (`id` int(11) DEFAULT NULL auto_increment PRIMARY KEY, `created_at` datetime, `updated_at` datetime, `login` varchar(255) NOT NULL, `crypted_password` varchar(255) NOT NULL, `password_salt` varchar(255) NOT NULL, `persistence_token` varchar(255) NOT NULL, `login_count` int(11) DEFAULT 0 NOT NULL, `last_request_at` datetime, `last_login_at` datetime, `current_login_at` datetime, `last_login_ip` varchar(255), `current_login_ip` varchar(255)) ENGINE=InnoDB[0m
  [4;36;1mSQL (110.2ms)[0m   [0;1mCREATE INDEX `index_users_on_login` ON `users` (`login`)[0m
  [4;35;1mSQL (115.9ms)[0m   [0mCREATE INDEX `index_users_on_persistence_token` ON `users` (`persistence_token`)[0m
  [4;36;1mSQL (130.3ms)[0m   [0;1mCREATE INDEX `index_users_on_last_request_at` ON `users` (`last_request_at`)[0m
  [4;35;1mSQL (0.8ms)[0m   [0mINSERT INTO schema_migrations (version) VALUES ('20081103171327')[0m
Migrating to CreateSessions (20081106072031)
  [4;36;1mSQL (113.2ms)[0m   [0;1mCREATE TABLE `sessions` (`id` int(11) DEFAULT NULL auto_increment PRIMARY KEY, `session_id` varchar(255) NOT NULL, `data` text, `created_at` datetime, `updated_at` datetime) ENGINE=InnoDB[0m
  [4;35;1mSQL (103.8ms)[0m   [0mCREATE INDEX `index_sessions_on_session_id` ON `sessions` (`session_id`)[0m
  [4;36;1mSQL (108.0ms)[0m   [0;1mCREATE INDEX `index_sessions_on_updated_at` ON `sessions` (`updated_at`)[0m
  [4;35;1mSQL (2.8ms)[0m   [0mINSERT INTO schema_migrations (version) VALUES ('20081106072031')[0m
Migrating to CreateImages (20100117023104)
  [4;36;1mSQL (0.4ms)[0m   [0;1mSHOW TABLES[0m
  [4;35;1mSQL (99.2ms)[0m   [0mCREATE TABLE `images` (`id` int(11) DEFAULT NULL auto_increment PRIMARY KEY, `user_id` int(11), `filename` varchar(255), `name` varchar(255), `description` text, `content_type` varchar(255), `size` int(11), `width` int(11), `height` int(11), `parent_id` int(11), `thumbnail` varchar(255), `imageable_type` varchar(15), `imageable_id` int(11), `position` int(11), `created_at` datetime, `updated_at` datetime) ENGINE=InnoDB[0m
  [4;36;1mSQL (108.4ms)[0m   [0;1mCREATE INDEX `index_images_on_user_id` ON `images` (`user_id`)[0m
  [4;35;1mSQL (146.1ms)[0m   [0mCREATE INDEX `index_images_on_imageable_type_and_imageable_id` ON `images` (`imageable_type`, `imageable_id`)[0m
  [4;36;1mSQL (111.2ms)[0m   [0;1mCREATE INDEX `index_images_on_imageable_type_and_imageable_id_and_user_id` ON `images` (`imageable_type`, `imageable_id`, `user_id`)[0m
  [4;35;1mSQL (1.8ms)[0m   [0mINSERT INTO schema_migrations (version) VALUES ('20100117023104')[0m
Migrating to CreateComments (20100117023123)
  [4;36;1mSQL (0.4ms)[0m   [0;1mSHOW TABLES[0m
  [4;35;1mSQL (107.8ms)[0m   [0mCREATE TABLE `comments` (`id` int(11) DEFAULT NULL auto_increment PRIMARY KEY, `user_id` int(11), `body` text, `commentable_type` varchar(20), `commentable_id` int(11), `created_at` datetime, `updated_at` datetime) ENGINE=InnoDB[0m
  [4;36;1mSQL (0.7ms)[0m   [0;1mINSERT INTO schema_migrations (version) VALUES ('20100117023123')[0m
Migrating to CreateBreweries (20100117024513)
  [4;35;1mSQL (0.4ms)[0m   [0mSHOW TABLES[0m
  [4;36;1mSQL (103.8ms)[0m   [0;1mCREATE TABLE `breweries` (`id` int(11) DEFAULT NULL auto_increment PRIMARY KEY, `creator_id` int(11), `name` varchar(255), `about` text, `type` varchar(15) DEFAULT 'homebrew', `created_at` datetime, `updated_at` datetime) ENGINE=InnoDB[0m
  [4;35;1mSQL (0.6ms)[0m   [0mINSERT INTO schema_migrations (version) VALUES ('20100117024513')[0m
Migrating to CreateMemberships (20100117032912)
  [4;36;1mSQL (0.4ms)[0m   [0;1mSHOW TABLES[0m
  [4;35;1mSQL (105.0ms)[0m   [0mCREATE TABLE `memberships` (`id` int(11) DEFAULT NULL auto_increment PRIMARY KEY, `user_id` int(11), `brewery_id` int(11), `role` varchar(10)) ENGINE=InnoDB[0m
  [4;36;1mSQL (0.7ms)[0m   [0;1mINSERT INTO schema_migrations (version) VALUES ('20100117032912')[0m
  [4;35;1mSQL (0.5ms)[0m   [0mSHOW TABLES[0m
  [4;36;1mSQL (0.1ms)[0m   [0;1mSELECT version FROM schema_migrations[0m
  [4;35;1mSQL (0.2ms)[0m   [0mSHOW TABLES[0m
  [4;36;1mSQL (50.8ms)[0m   [0;1mSHOW FIELDS FROM `breweries`[0m
  [4;35;1mSQL (2.4ms)[0m   [0mdescribe `breweries`[0m
  [4;36;1mSQL (0.8ms)[0m   [0;1mSHOW KEYS FROM `breweries`[0m
  [4;35;1mSQL (1.2ms)[0m   [0mSHOW FIELDS FROM `comments`[0m
  [4;36;1mSQL (2.3ms)[0m   [0;1mdescribe `comments`[0m
  [4;35;1mSQL (2.3ms)[0m   [0mSHOW KEYS FROM `comments`[0m
  [4;36;1mSQL (1.9ms)[0m   [0;1mSHOW FIELDS FROM `images`[0m
  [4;35;1mSQL (1.8ms)[0m   [0mdescribe `images`[0m
  [4;36;1mSQL (1.2ms)[0m   [0;1mSHOW KEYS FROM `images`[0m
  [4;35;1mSQL (1.9ms)[0m   [0mSHOW FIELDS FROM `memberships`[0m
  [4;36;1mSQL (2.8ms)[0m   [0;1mdescribe `memberships`[0m
  [4;35;1mSQL (1.0ms)[0m   [0mSHOW KEYS FROM `memberships`[0m
  [4;36;1mSQL (1.6ms)[0m   [0;1mSHOW FIELDS FROM `sessions`[0m
  [4;35;1mSQL (3.3ms)[0m   [0mdescribe `sessions`[0m
  [4;36;1mSQL (1.1ms)[0m   [0;1mSHOW KEYS FROM `sessions`[0m
  [4;35;1mSQL (1.4ms)[0m   [0mSHOW FIELDS FROM `users`[0m
  [4;36;1mSQL (2.5ms)[0m   [0;1mdescribe `users`[0m
  [4;35;1mSQL (0.5ms)[0m   [0mSHOW KEYS FROM `users`[0m
  [4;36;1mSQL (0.2ms)[0m   [0;1mSET NAMES 'utf8'[0m
  [4;35;1mSQL (0.1ms)[0m   [0mSET SQL_AUTO_IS_NULL=0[0m
  [4;36;1mUser Columns (40.5ms)[0m   [0;1mSHOW FIELDS FROM `users`[0m
  [4;35;1mSQL (0.1ms)[0m   [0mBEGIN[0m
  [4;36;1mUser Exists (0.5ms)[0m   [0;1mSELECT `users`.id FROM `users` WHERE (LOWER(`users`.`login`) = BINARY 'test') LIMIT 1[0m
  [4;35;1mUser Exists (0.4ms)[0m   [0mSELECT `users`.id FROM `users` WHERE (`users`.`persistence_token` = BINARY '540e8d2c0699ec79c7f7291f58062f18a7e5bca7496ba1ce0aff4de0d11f196e275e372accc59a54c39c0b1eacad6175586565cc64e292f124744de951b06feb') LIMIT 1[0m
  [4;36;1mUser Create (15.4ms)[0m   [0;1mINSERT INTO `users` (`created_at`, `last_request_at`, `crypted_password`, `updated_at`, `current_login_ip`, `password_salt`, `current_login_at`, `persistence_token`, `login_count`, `last_login_ip`, `login`, `last_login_at`) VALUES('2010-01-17 03:38:46', NULL, 'fd432b6d7d5ceb3d283c9bd00d7811864815196622eed76539dc6b79e0a08b04fac8e2cdc9b881dc9e98d68e2bc150b06781375737400399081443435273cf07', '2010-01-17 03:38:46', NULL, 'Wsfil5Pm_M_0aoIl6IU0', NULL, '540e8d2c0699ec79c7f7291f58062f18a7e5bca7496ba1ce0aff4de0d11f196e275e372accc59a54c39c0b1eacad6175586565cc64e292f124744de951b06feb', 0, NULL, 'test', NULL)[0m
  [4;35;1mSQL (34.5ms)[0m   [0mCOMMIT[0m
  [4;36;1mSQL (0.1ms)[0m   [0;1mBEGIN[0m
  [4;35;1mUser Exists (0.3ms)[0m   [0mSELECT `users`.id FROM `users` WHERE (LOWER(`users`.`login`) = BINARY 'test') LIMIT 1[0m
  [4;36;1mUser Exists (0.2ms)[0m   [0;1mSELECT `users`.id FROM `users` WHERE (`users`.`persistence_token` = BINARY '453f9af49b9fe72c63e59c0cfa76a414e373c8336347a251737082d33a8b92c9eadfd3472d4765c9351abbe2ffa7cc881a5656b781b53a9f74b8f1ae16d0001d') LIMIT 1[0m
  [4;35;1mSQL (0.1ms)[0m   [0mROLLBACK[0m
  [4;36;1mBrewery Columns (1.4ms)[0m   [0;1mSHOW FIELDS FROM `breweries`[0m
  [4;35;1mSQL (0.1ms)[0m   [0mBEGIN[0m
  [4;36;1mBrewery Create (10.7ms)[0m   [0;1mINSERT INTO `breweries` (`name`, `created_at`, `updated_at`, `creator_id`, `about`, `type`) VALUES('Test Brewery 1', '2010-01-17 03:38:46', '2010-01-17 03:38:46', NULL, NULL, 'homebrew')[0m
  [4;35;1mSQL (0.7ms)[0m   [0mCOMMIT[0m
  [4;36;1mMembership Columns (1.4ms)[0m   [0;1mSHOW FIELDS FROM `memberships`[0m
  [4;35;1mSQL (0.1ms)[0m   [0mBEGIN[0m
  [4;36;1mMembership Create (0.2ms)[0m   [0;1mINSERT INTO `memberships` (`role`, `user_id`, `brewery_id`) VALUES('admin', NULL, 1)[0m
  [4;35;1mSQL (0.5ms)[0m   [0mCOMMIT[0m
  [4;36;1mSQL (0.1ms)[0m   [0;1mBEGIN[0m
  [4;35;1mMembership Update (0.2ms)[0m   [0mUPDATE `memberships` SET `user_id` = 1 WHERE `id` = 1[0m
  [4;36;1mSQL (0.6ms)[0m   [0;1mCOMMIT[0m
  [4;35;1mMembership Load (0.2ms)[0m   [0mSELECT * FROM `memberships` WHERE (`memberships`.user_id = 1) [0m
  [4;36;1mSQL (0.3ms)[0m   [0;1mBEGIN[0m
  [4;35;1mMembership Create (0.3ms)[0m   [0mINSERT INTO `memberships` (`role`, `user_id`, `brewery_id`) VALUES('admin', NULL, 1)[0m
  [4;36;1mSQL (0.6ms)[0m   [0;1mCOMMIT[0m
  [4;35;1mSQL (0.1ms)[0m   [0mBEGIN[0m
  [4;36;1mSQL (0.1ms)[0m   [0;1mCOMMIT[0m
  [4;35;1mSQL (0.1ms)[0m   [0mBEGIN[0m
  [4;36;1mSQL (0.1ms)[0m   [0;1mCOMMIT[0m
  [4;35;1mSQL (0.1ms)[0m   [0mBEGIN[0m
  [4;36;1mUser Exists (0.3ms)[0m   [0;1mSELECT `users`.id FROM `users` WHERE (LOWER(`users`.`login`) = BINARY 'test') LIMIT 1[0m
  [4;35;1mUser Exists (0.2ms)[0m   [0mSELECT `users`.id FROM `users` WHERE (`users`.`persistence_token` = BINARY '453f9af49b9fe72c63e59c0cfa76a414e373c8336347a251737082d33a8b92c9eadfd3472d4765c9351abbe2ffa7cc881a5656b781b53a9f74b8f1ae16d0001d') LIMIT 1[0m
  [4;36;1mSQL (0.1ms)[0m   [0;1mROLLBACK[0m
  [4;36;1mSQL (0.1ms)[0m   [0;1mSET NAMES 'utf8'[0m
  [4;35;1mSQL (0.1ms)[0m   [0mSET SQL_AUTO_IS_NULL=0[0m
  [4;36;1mSQL (0.3ms)[0m   [0;1mSHOW TABLES[0m
  [4;35;1mSQL (76.3ms)[0m   [0mCREATE TABLE `schema_migrations` (`version` varchar(255) NOT NULL) ENGINE=InnoDB[0m
  [4;36;1mSQL (216.5ms)[0m   [0;1mCREATE UNIQUE INDEX `unique_schema_migrations` ON `schema_migrations` (`version`)[0m
  [4;35;1mSQL (0.4ms)[0m   [0mSHOW TABLES[0m
  [4;36;1mSQL (0.3ms)[0m   [0;1mSELECT version FROM schema_migrations[0m
Migrating to CreateUsers (20081103171327)
  [4;35;1mSQL (62.6ms)[0m   [0mCREATE TABLE `users` (`id` int(11) DEFAULT NULL auto_increment PRIMARY KEY, `created_at` datetime, `updated_at` datetime, `login` varchar(255) NOT NULL, `crypted_password` varchar(255) NOT NULL, `password_salt` varchar(255) NOT NULL, `persistence_token` varchar(255) NOT NULL, `login_count` int(11) DEFAULT 0 NOT NULL, `last_request_at` datetime, `last_login_at` datetime, `current_login_at` datetime, `last_login_ip` varchar(255), `current_login_ip` varchar(255)) ENGINE=InnoDB[0m
  [4;36;1mSQL (110.9ms)[0m   [0;1mCREATE INDEX `index_users_on_login` ON `users` (`login`)[0m
  [4;35;1mSQL (108.0ms)[0m   [0mCREATE INDEX `index_users_on_persistence_token` ON `users` (`persistence_token`)[0m
  [4;36;1mSQL (146.5ms)[0m   [0;1mCREATE INDEX `index_users_on_last_request_at` ON `users` (`last_request_at`)[0m
  [4;35;1mSQL (0.8ms)[0m   [0mINSERT INTO schema_migrations (version) VALUES ('20081103171327')[0m
Migrating to CreateSessions (20081106072031)
  [4;36;1mSQL (114.2ms)[0m   [0;1mCREATE TABLE `sessions` (`id` int(11) DEFAULT NULL auto_increment PRIMARY KEY, `session_id` varchar(255) NOT NULL, `data` text, `created_at` datetime, `updated_at` datetime) ENGINE=InnoDB[0m
  [4;35;1mSQL (119.8ms)[0m   [0mCREATE INDEX `index_sessions_on_session_id` ON `sessions` (`session_id`)[0m
  [4;36;1mSQL (125.1ms)[0m   [0;1mCREATE INDEX `index_sessions_on_updated_at` ON `sessions` (`updated_at`)[0m
  [4;35;1mSQL (1.8ms)[0m   [0mINSERT INTO schema_migrations (version) VALUES ('20081106072031')[0m
Migrating to CreateImages (20100117023104)
  [4;36;1mSQL (0.5ms)[0m   [0;1mSHOW TABLES[0m
  [4;35;1mSQL (107.1ms)[0m   [0mCREATE TABLE `images` (`id` int(11) DEFAULT NULL auto_increment PRIMARY KEY, `user_id` int(11), `filename` varchar(255), `name` varchar(255), `description` text, `content_type` varchar(255), `size` int(11), `width` int(11), `height` int(11), `parent_id` int(11), `thumbnail` varchar(255), `imageable_type` varchar(15), `imageable_id` int(11), `position` int(11), `created_at` datetime, `updated_at` datetime) ENGINE=InnoDB[0m
  [4;36;1mSQL (112.1ms)[0m   [0;1mCREATE INDEX `index_images_on_user_id` ON `images` (`user_id`)[0m
  [4;35;1mSQL (117.0ms)[0m   [0mCREATE INDEX `index_images_on_imageable_type_and_imageable_id` ON `images` (`imageable_type`, `imageable_id`)[0m
  [4;36;1mSQL (116.8ms)[0m   [0;1mCREATE INDEX `index_images_on_imageable_type_and_imageable_id_and_user_id` ON `images` (`imageable_type`, `imageable_id`, `user_id`)[0m
  [4;35;1mSQL (2.2ms)[0m   [0mINSERT INTO schema_migrations (version) VALUES ('20100117023104')[0m
Migrating to CreateComments (20100117023123)
  [4;36;1mSQL (0.4ms)[0m   [0;1mSHOW TABLES[0m
  [4;35;1mSQL (140.5ms)[0m   [0mCREATE TABLE `comments` (`id` int(11) DEFAULT NULL auto_increment PRIMARY KEY, `user_id` int(11), `body` text, `commentable_type` varchar(20), `commentable_id` int(11), `created_at` datetime, `updated_at` datetime) ENGINE=InnoDB[0m
  [4;36;1mSQL (2.0ms)[0m   [0;1mINSERT INTO schema_migrations (version) VALUES ('20100117023123')[0m
Migrating to CreateBreweries (20100117024513)
  [4;35;1mSQL (0.7ms)[0m   [0mSHOW TABLES[0m
  [4;36;1mSQL (122.7ms)[0m   [0;1mCREATE TABLE `breweries` (`id` int(11) DEFAULT NULL auto_increment PRIMARY KEY, `creator_id` int(11), `name` varchar(255), `about` text, `type` varchar(15) DEFAULT 'homebrew', `created_at` datetime, `updated_at` datetime) ENGINE=InnoDB[0m
  [4;35;1mSQL (0.7ms)[0m   [0mINSERT INTO schema_migrations (version) VALUES ('20100117024513')[0m
Migrating to CreateMemberships (20100117032912)
  [4;36;1mSQL (0.6ms)[0m   [0;1mSHOW TABLES[0m
  [4;35;1mSQL (104.6ms)[0m   [0mCREATE TABLE `memberships` (`id` int(11) DEFAULT NULL auto_increment PRIMARY KEY, `user_id` int(11), `brewery_id` int(11), `role` varchar(10)) ENGINE=InnoDB[0m
  [4;36;1mSQL (0.8ms)[0m   [0;1mINSERT INTO schema_migrations (version) VALUES ('20100117032912')[0m
  [4;35;1mSQL (0.6ms)[0m   [0mSHOW TABLES[0m
  [4;36;1mSQL (0.2ms)[0m   [0;1mSELECT version FROM schema_migrations[0m
  [4;35;1mSQL (0.3ms)[0m   [0mSHOW TABLES[0m
  [4;36;1mSQL (1.5ms)[0m   [0;1mSHOW FIELDS FROM `breweries`[0m
  [4;35;1mSQL (3.4ms)[0m   [0mdescribe `breweries`[0m
  [4;36;1mSQL (2.6ms)[0m   [0;1mSHOW KEYS FROM `breweries`[0m
  [4;35;1mSQL (2.7ms)[0m   [0mSHOW FIELDS FROM `comments`[0m
  [4;36;1mSQL (2.2ms)[0m   [0;1mdescribe `comments`[0m
  [4;35;1mSQL (1.0ms)[0m   [0mSHOW KEYS FROM `comments`[0m
  [4;36;1mSQL (2.8ms)[0m   [0;1mSHOW FIELDS FROM `images`[0m
  [4;35;1mSQL (2.7ms)[0m   [0mdescribe `images`[0m
  [4;36;1mSQL (1.0ms)[0m   [0;1mSHOW KEYS FROM `images`[0m
  [4;35;1mSQL (2.9ms)[0m   [0mSHOW FIELDS FROM `memberships`[0m
  [4;36;1mSQL (2.5ms)[0m   [0;1mdescribe `memberships`[0m
  [4;35;1mSQL (1.3ms)[0m   [0mSHOW KEYS FROM `memberships`[0m
  [4;36;1mSQL (1.6ms)[0m   [0;1mSHOW FIELDS FROM `sessions`[0m
  [4;35;1mSQL (4.1ms)[0m   [0mdescribe `sessions`[0m
  [4;36;1mSQL (1.4ms)[0m   [0;1mSHOW KEYS FROM `sessions`[0m
  [4;35;1mSQL (2.7ms)[0m   [0mSHOW FIELDS FROM `users`[0m
  [4;36;1mSQL (1.6ms)[0m   [0;1mdescribe `users`[0m
  [4;35;1mSQL (0.6ms)[0m   [0mSHOW KEYS FROM `users`[0m
  [4;36;1mSQL (0.1ms)[0m   [0;1mSET NAMES 'utf8'[0m
  [4;35;1mSQL (0.1ms)[0m   [0mSET SQL_AUTO_IS_NULL=0[0m
  [4;36;1mUser Columns (1.5ms)[0m   [0;1mSHOW FIELDS FROM `users`[0m
  [4;35;1mSQL (0.2ms)[0m   [0mBEGIN[0m
  [4;36;1mUser Exists (0.4ms)[0m   [0;1mSELECT `users`.id FROM `users` WHERE (LOWER(`users`.`login`) = BINARY 'test1') LIMIT 1[0m
  [4;35;1mUser Exists (0.2ms)[0m   [0mSELECT `users`.id FROM `users` WHERE (`users`.`persistence_token` = BINARY '27c55da79742dd74eef64cafc191f08bcf1c7cdd6b17ab4928b835ef190254b74c3cd3da6f6a92ce6eb048ce811e5d931e3005560160b45ea56dcd1928b28f52') LIMIT 1[0m
  [4;36;1mUser Create (0.3ms)[0m   [0;1mINSERT INTO `users` (`created_at`, `last_request_at`, `crypted_password`, `updated_at`, `current_login_ip`, `password_salt`, `current_login_at`, `persistence_token`, `login_count`, `last_login_ip`, `login`, `last_login_at`) VALUES('2010-01-17 03:39:16', NULL, '0029e53ce7ff9f028eb3b316cc01a9cb5ed1faefe25e39305d08dfb3508485f887b2f481c91528c3b72810041a7128e021308ca50073921953566161f24cb7d1', '2010-01-17 03:39:16', NULL, '2JNA2eOgITQWXVVO9BxI', NULL, '27c55da79742dd74eef64cafc191f08bcf1c7cdd6b17ab4928b835ef190254b74c3cd3da6f6a92ce6eb048ce811e5d931e3005560160b45ea56dcd1928b28f52', 0, NULL, 'test1', NULL)[0m
  [4;35;1mSQL (1.0ms)[0m   [0mCOMMIT[0m
  [4;36;1mSQL (0.1ms)[0m   [0;1mBEGIN[0m
  [4;35;1mUser Exists (0.2ms)[0m   [0mSELECT `users`.id FROM `users` WHERE (LOWER(`users`.`login`) = BINARY 'test2') LIMIT 1[0m
  [4;36;1mUser Exists (0.5ms)[0m   [0;1mSELECT `users`.id FROM `users` WHERE (`users`.`persistence_token` = BINARY '6a096977417d599cc8873e59e773d270ef6db2204b3a04bb83dc0f9fcfdcc69a51c03558ad893daa5bda3ef7273e000c92551fc4e88af642e6a2888802d11066') LIMIT 1[0m
  [4;35;1mUser Create (0.3ms)[0m   [0mINSERT INTO `users` (`created_at`, `last_request_at`, `crypted_password`, `updated_at`, `current_login_ip`, `password_salt`, `current_login_at`, `persistence_token`, `login_count`, `last_login_ip`, `login`, `last_login_at`) VALUES('2010-01-17 03:39:16', NULL, '34dddf4dc3eaaa5894c508c276cebdd0b2e9037bcc00a05a659b5fb8756949aeba2dc46eb201b8ed6a5b1228ef06a02642dccdd3dce89a7b3906ae81220e50d4', '2010-01-17 03:39:16', NULL, 'a2WqjLFSSdiCpKX6SqwE', NULL, '6a096977417d599cc8873e59e773d270ef6db2204b3a04bb83dc0f9fcfdcc69a51c03558ad893daa5bda3ef7273e000c92551fc4e88af642e6a2888802d11066', 0, NULL, 'test2', NULL)[0m
  [4;36;1mSQL (0.6ms)[0m   [0;1mCOMMIT[0m
  [4;35;1mBrewery Columns (1.8ms)[0m   [0mSHOW FIELDS FROM `breweries`[0m
  [4;36;1mSQL (0.1ms)[0m   [0;1mBEGIN[0m
  [4;35;1mBrewery Create (0.3ms)[0m   [0mINSERT INTO `breweries` (`name`, `created_at`, `updated_at`, `creator_id`, `about`, `type`) VALUES('Test Brewery 1', '2010-01-17 03:39:16', '2010-01-17 03:39:16', NULL, NULL, 'homebrew')[0m
  [4;36;1mSQL (1.0ms)[0m   [0;1mCOMMIT[0m
  [4;35;1mMembership Columns (1.7ms)[0m   [0mSHOW FIELDS FROM `memberships`[0m
  [4;36;1mSQL (0.2ms)[0m   [0;1mBEGIN[0m
  [4;35;1mMembership Create (0.4ms)[0m   [0mINSERT INTO `memberships` (`role`, `user_id`, `brewery_id`) VALUES('admin', NULL, 1)[0m
  [4;36;1mSQL (0.6ms)[0m   [0;1mCOMMIT[0m
  [4;35;1mSQL (0.1ms)[0m   [0mBEGIN[0m
  [4;36;1mMembership Update (1.3ms)[0m   [0;1mUPDATE `memberships` SET `user_id` = 1 WHERE `id` = 1[0m
  [4;35;1mSQL (1.9ms)[0m   [0mCOMMIT[0m
  [4;36;1mMembership Load (0.8ms)[0m   [0;1mSELECT * FROM `memberships` WHERE (`memberships`.user_id = 1) [0m
  [4;35;1mSQL (0.2ms)[0m   [0mBEGIN[0m
  [4;36;1mMembership Create (0.3ms)[0m   [0;1mINSERT INTO `memberships` (`role`, `user_id`, `brewery_id`) VALUES('admin', NULL, 1)[0m
  [4;35;1mSQL (0.7ms)[0m   [0mCOMMIT[0m
  [4;36;1mSQL (0.0ms)[0m   [0;1mBEGIN[0m
  [4;35;1mMembership Update (0.2ms)[0m   [0mUPDATE `memberships` SET `user_id` = 2 WHERE `id` = 2[0m
  [4;36;1mSQL (0.5ms)[0m   [0;1mCOMMIT[0m
  [4;35;1mMembership Load (0.3ms)[0m   [0mSELECT * FROM `memberships` WHERE (`memberships`.user_id = 2) [0m
  [4;36;1mSQL (0.1ms)[0m   [0;1mBEGIN[0m
  [4;35;1mSQL (0.1ms)[0m   [0mCOMMIT[0m
  [4;36;1mSQL (0.1ms)[0m   [0;1mBEGIN[0m
  [4;35;1mSQL (0.1ms)[0m   [0mCOMMIT[0m
  [4;36;1mSQL (0.2ms)[0m   [0;1mSET NAMES 'utf8'[0m
  [4;35;1mSQL (0.1ms)[0m   [0mSET SQL_AUTO_IS_NULL=0[0m


Processing UserSessionsController#new (for 127.0.0.1 at 2010-01-16 22:39:26) [GET]
  Parameters: {"action"=>"new", "controller"=>"user_sessions"}
  [4;36;1mUser Columns (1.8ms)[0m   [0;1mSHOW FIELDS FROM `users`[0m
Rendering template within layouts/application
Rendering user_sessions/new
  [4;35;1mSQL (0.5ms)[0m   [0mSELECT count(*) AS count_all FROM `users` WHERE (last_request_at > '2010-01-17 03:29:26') [0m
Completed in 119ms (View: 92, DB: 5) | 200 OK [http://localhost/]
  [4;36;1mSQL (0.1ms)[0m   [0;1mSET NAMES 'utf8'[0m
  [4;35;1mSQL (0.1ms)[0m   [0mSET SQL_AUTO_IS_NULL=0[0m


Processing UserSessionsController#create (for 127.0.0.1 at 2010-01-16 22:39:33) [POST]
  Parameters: {"commit"=>"Login", "user_session"=>{"remember_me"=>"0", "password"=>"[FILTERED]", "login"=>"test1"}, "action"=>"create", "controller"=>"user_sessions"}
  [4;36;1mUser Columns (1.7ms)[0m   [0;1mSHOW FIELDS FROM `users`[0m
  [4;35;1mUser Load (0.5ms)[0m   [0mSELECT * FROM `users` WHERE (LOWER(`users`.login) = 'test1') LIMIT 1[0m
  [4;36;1mSQL (0.1ms)[0m   [0;1mBEGIN[0m
  [4;35;1mUser Update (0.5ms)[0m   [0mUPDATE `users` SET `updated_at` = '2010-01-17 03:39:33', `current_login_at` = '2010-01-17 03:39:33', `login_count` = 1, `current_login_ip` = '127.0.0.1', `last_request_at` = '2010-01-17 03:39:33' WHERE `id` = 1[0m
  [4;36;1mSQL (0.7ms)[0m   [0;1mCOMMIT[0m
Redirected to http://localhost:7000/account
Completed in 158ms (DB: 4) | 302 Found [http://localhost/user_session]
  [4;35;1mSQL (0.1ms)[0m   [0mSET NAMES 'utf8'[0m
  [4;36;1mSQL (0.1ms)[0m   [0;1mSET SQL_AUTO_IS_NULL=0[0m


Processing UsersController#show (for 127.0.0.1 at 2010-01-16 22:39:33) [GET]
  Parameters: {"action"=>"show", "controller"=>"users"}
  [4;35;1mUser Columns (1.6ms)[0m   [0mSHOW FIELDS FROM `users`[0m
  [4;36;1mUser Load (0.4ms)[0m   [0;1mSELECT * FROM `users` WHERE (`users`.`id` = '1') LIMIT 1[0m
  [4;35;1mSQL (0.2ms)[0m   [0mBEGIN[0m
  [4;36;1mUser Update (0.3ms)[0m   [0;1mUPDATE `users` SET `updated_at` = '2010-01-17 03:39:33', `last_request_at` = '2010-01-17 03:39:33' WHERE `id` = 1[0m
  [4;35;1mSQL (23.9ms)[0m   [0mCOMMIT[0m
Rendering template within layouts/application
Rendering users/show
  [4;36;1mSQL (0.4ms)[0m   [0;1mSELECT count(*) AS count_all FROM `users` WHERE (last_request_at > '2010-01-17 03:29:33') [0m
Completed in 53ms (View: 6, DB: 27) | 200 OK [http://localhost/account]
  [4;35;1mSQL (0.2ms)[0m   [0mSET NAMES 'utf8'[0m
  [4;36;1mSQL (0.1ms)[0m   [0;1mSET SQL_AUTO_IS_NULL=0[0m


Processing UsersController#show (for 127.0.0.1 at 2010-01-16 22:40:12) [GET]
  Parameters: {"action"=>"show", "controller"=>"users"}
  [4;35;1mUser Columns (2.0ms)[0m   [0mSHOW FIELDS FROM `users`[0m
  [4;36;1mUser Load (0.4ms)[0m   [0;1mSELECT * FROM `users` WHERE (`users`.`id` = '1') LIMIT 1[0m
  [4;35;1mSQL (0.1ms)[0m   [0mBEGIN[0m
  [4;36;1mUser Update (0.2ms)[0m   [0;1mUPDATE `users` SET `updated_at` = '2010-01-17 03:40:12', `last_request_at` = '2010-01-17 03:40:12' WHERE `id` = 1[0m
  [4;35;1mSQL (0.6ms)[0m   [0mCOMMIT[0m
Rendering template within layouts/application
Rendering users/show
  [4;36;1mBrewery Load (0.5ms)[0m   [0;1mSELECT `breweries`.* FROM `breweries` INNER JOIN `memberships` ON `breweries`.id = `memberships`.brewery_id WHERE ((`memberships`.user_id = 1)) [0m
  [4;35;1mBrewery Columns (1.4ms)[0m   [0mSHOW FIELDS FROM `breweries`[0m

ActionView::TemplateError (The single-table inheritance mechanism failed to locate the subclass: 'homebrew'. This error is raised because the column 'type' is reserved for storing the class in case of inheritance. Please rename this column if you didn't intend it to be used for storing the inheritance class or overwrite Brewery.inheritance_column to use another column for that information.) on line #41 of app/views/users/show.html.erb:
38: 
39: <h1>Breweries</h1>
40: <ul>
41: <% @breweries.each do |brewery| %>
42:   <li><%= brewery.name %></li>
43: <% end %>
44: </ul>

    app/views/users/show.html.erb:41
    haml (2.2.16) lib/haml/helpers/action_view_mods.rb:13:in `render'
    haml (2.2.16) lib/haml/helpers/action_view_mods.rb:13:in `render'
    haml (2.2.16) rails/./lib/sass/plugin/rails.rb:19:in `process'

Rendered rescues/_trace (41.9ms)
Rendered rescues/_request_and_response (1.1ms)
Rendering rescues/layout (internal_server_error)
  [4;36;1mSQL (0.1ms)[0m   [0;1mSET NAMES 'utf8'[0m
  [4;35;1mSQL (0.1ms)[0m   [0mSET SQL_AUTO_IS_NULL=0[0m
  [4;36;1mSQL (0.3ms)[0m   [0;1mSHOW TABLES[0m
  [4;35;1mSQL (130.4ms)[0m   [0mCREATE TABLE `schema_migrations` (`version` varchar(255) NOT NULL) ENGINE=InnoDB[0m
  [4;36;1mSQL (146.5ms)[0m   [0;1mCREATE UNIQUE INDEX `unique_schema_migrations` ON `schema_migrations` (`version`)[0m
  [4;35;1mSQL (0.4ms)[0m   [0mSHOW TABLES[0m
  [4;36;1mSQL (0.3ms)[0m   [0;1mSELECT version FROM schema_migrations[0m
Migrating to CreateUsers (20081103171327)
  [4;35;1mSQL (104.5ms)[0m   [0mCREATE TABLE `users` (`id` int(11) DEFAULT NULL auto_increment PRIMARY KEY, `created_at` datetime, `updated_at` datetime, `login` varchar(255) NOT NULL, `crypted_password` varchar(255) NOT NULL, `password_salt` varchar(255) NOT NULL, `persistence_token` varchar(255) NOT NULL, `login_count` int(11) DEFAULT 0 NOT NULL, `last_request_at` datetime, `last_login_at` datetime, `current_login_at` datetime, `last_login_ip` varchar(255), `current_login_ip` varchar(255)) ENGINE=InnoDB[0m
  [4;36;1mSQL (131.2ms)[0m   [0;1mCREATE INDEX `index_users_on_login` ON `users` (`login`)[0m
  [4;35;1mSQL (214.7ms)[0m   [0mCREATE INDEX `index_users_on_persistence_token` ON `users` (`persistence_token`)[0m
  [4;36;1mSQL (153.0ms)[0m   [0;1mCREATE INDEX `index_users_on_last_request_at` ON `users` (`last_request_at`)[0m
  [4;35;1mSQL (7.9ms)[0m   [0mINSERT INTO schema_migrations (version) VALUES ('20081103171327')[0m
Migrating to CreateSessions (20081106072031)
  [4;36;1mSQL (161.8ms)[0m   [0;1mCREATE TABLE `sessions` (`id` int(11) DEFAULT NULL auto_increment PRIMARY KEY, `session_id` varchar(255) NOT NULL, `data` text, `created_at` datetime, `updated_at` datetime) ENGINE=InnoDB[0m
  [4;35;1mSQL (139.1ms)[0m   [0mCREATE INDEX `index_sessions_on_session_id` ON `sessions` (`session_id`)[0m
  [4;36;1mSQL (68.2ms)[0m   [0;1mCREATE INDEX `index_sessions_on_updated_at` ON `sessions` (`updated_at`)[0m
  [4;35;1mSQL (1.4ms)[0m   [0mINSERT INTO schema_migrations (version) VALUES ('20081106072031')[0m
Migrating to CreateImages (20100117023104)
  [4;36;1mSQL (0.5ms)[0m   [0;1mSHOW TABLES[0m
  [4;35;1mSQL (121.8ms)[0m   [0mCREATE TABLE `images` (`id` int(11) DEFAULT NULL auto_increment PRIMARY KEY, `user_id` int(11), `filename` varchar(255), `name` varchar(255), `description` text, `content_type` varchar(255), `size` int(11), `width` int(11), `height` int(11), `parent_id` int(11), `thumbnail` varchar(255), `imageable_type` varchar(15), `imageable_id` int(11), `position` int(11), `created_at` datetime, `updated_at` datetime) ENGINE=InnoDB[0m
  [4;36;1mSQL (122.2ms)[0m   [0;1mCREATE INDEX `index_images_on_user_id` ON `images` (`user_id`)[0m
  [4;35;1mSQL (136.6ms)[0m   [0mCREATE INDEX `index_images_on_imageable_type_and_imageable_id` ON `images` (`imageable_type`, `imageable_id`)[0m
  [4;36;1mSQL (136.5ms)[0m   [0;1mCREATE INDEX `index_images_on_imageable_type_and_imageable_id_and_user_id` ON `images` (`imageable_type`, `imageable_id`, `user_id`)[0m
  [4;35;1mSQL (0.9ms)[0m   [0mINSERT INTO schema_migrations (version) VALUES ('20100117023104')[0m
Migrating to CreateComments (20100117023123)
  [4;36;1mSQL (0.6ms)[0m   [0;1mSHOW TABLES[0m
  [4;35;1mSQL (142.4ms)[0m   [0mCREATE TABLE `comments` (`id` int(11) DEFAULT NULL auto_increment PRIMARY KEY, `user_id` int(11), `body` text, `commentable_type` varchar(20), `commentable_id` int(11), `created_at` datetime, `updated_at` datetime) ENGINE=InnoDB[0m
  [4;36;1mSQL (0.8ms)[0m   [0;1mINSERT INTO schema_migrations (version) VALUES ('20100117023123')[0m
Migrating to CreateBreweries (20100117024513)
  [4;35;1mSQL (0.5ms)[0m   [0mSHOW TABLES[0m
  [4;36;1mSQL (101.5ms)[0m   [0;1mCREATE TABLE `breweries` (`id` int(11) DEFAULT NULL auto_increment PRIMARY KEY, `creator_id` int(11), `name` varchar(255), `about` text, `style` varchar(15) DEFAULT 'homebrew', `created_at` datetime, `updated_at` datetime) ENGINE=InnoDB[0m
  [4;35;1mSQL (1.3ms)[0m   [0mINSERT INTO schema_migrations (version) VALUES ('20100117024513')[0m
Migrating to CreateMemberships (20100117032912)
  [4;36;1mSQL (0.5ms)[0m   [0;1mSHOW TABLES[0m
  [4;35;1mSQL (126.4ms)[0m   [0mCREATE TABLE `memberships` (`id` int(11) DEFAULT NULL auto_increment PRIMARY KEY, `user_id` int(11), `brewery_id` int(11), `role` varchar(10)) ENGINE=InnoDB[0m
  [4;36;1mSQL (0.7ms)[0m   [0;1mINSERT INTO schema_migrations (version) VALUES ('20100117032912')[0m
  [4;35;1mSQL (0.7ms)[0m   [0mSHOW TABLES[0m
  [4;36;1mSQL (0.2ms)[0m   [0;1mSELECT version FROM schema_migrations[0m
  [4;35;1mSQL (0.4ms)[0m   [0mSHOW TABLES[0m
  [4;36;1mSQL (49.6ms)[0m   [0;1mSHOW FIELDS FROM `breweries`[0m
  [4;35;1mSQL (3.9ms)[0m   [0mdescribe `breweries`[0m
  [4;36;1mSQL (1.0ms)[0m   [0;1mSHOW KEYS FROM `breweries`[0m
  [4;35;1mSQL (1.2ms)[0m   [0mSHOW FIELDS FROM `comments`[0m
  [4;36;1mSQL (2.6ms)[0m   [0;1mdescribe `comments`[0m
  [4;35;1mSQL (0.9ms)[0m   [0mSHOW KEYS FROM `comments`[0m
  [4;36;1mSQL (1.6ms)[0m   [0;1mSHOW FIELDS FROM `images`[0m
  [4;35;1mSQL (2.6ms)[0m   [0mdescribe `images`[0m
  [4;36;1mSQL (1.5ms)[0m   [0;1mSHOW KEYS FROM `images`[0m
  [4;35;1mSQL (1.3ms)[0m   [0mSHOW FIELDS FROM `memberships`[0m
  [4;36;1mSQL (2.0ms)[0m   [0;1mdescribe `memberships`[0m
  [4;35;1mSQL (1.7ms)[0m   [0mSHOW KEYS FROM `memberships`[0m
  [4;36;1mSQL (1.4ms)[0m   [0;1mSHOW FIELDS FROM `sessions`[0m
  [4;35;1mSQL (3.3ms)[0m   [0mdescribe `sessions`[0m
  [4;36;1mSQL (1.3ms)[0m   [0;1mSHOW KEYS FROM `sessions`[0m
  [4;35;1mSQL (2.0ms)[0m   [0mSHOW FIELDS FROM `users`[0m
  [4;36;1mSQL (2.7ms)[0m   [0;1mdescribe `users`[0m
  [4;35;1mSQL (1.7ms)[0m   [0mSHOW KEYS FROM `users`[0m
  [4;36;1mSQL (0.1ms)[0m   [0;1mSET NAMES 'utf8'[0m
  [4;35;1mSQL (0.1ms)[0m   [0mSET SQL_AUTO_IS_NULL=0[0m
  [4;36;1mUser Columns (1.6ms)[0m   [0;1mSHOW FIELDS FROM `users`[0m
  [4;35;1mSQL (0.2ms)[0m   [0mBEGIN[0m
  [4;36;1mUser Exists (0.4ms)[0m   [0;1mSELECT `users`.id FROM `users` WHERE (LOWER(`users`.`login`) = BINARY 'test1') LIMIT 1[0m
  [4;35;1mUser Exists (0.3ms)[0m   [0mSELECT `users`.id FROM `users` WHERE (`users`.`persistence_token` = BINARY '89dde7b4b30eccd6a1cbace73101f8342fcf8362f4374d98c39b9fd182938c3dd2cc5bccefe6c6ce9fd09a2ae27531e01a42001c4580061aeff987b6de34ad1e') LIMIT 1[0m
  [4;36;1mUser Create (127.2ms)[0m   [0;1mINSERT INTO `users` (`created_at`, `last_request_at`, `crypted_password`, `updated_at`, `current_login_ip`, `password_salt`, `current_login_at`, `persistence_token`, `login_count`, `last_login_ip`, `login`, `last_login_at`) VALUES('2010-01-17 03:41:14', NULL, '79c775ce8fc30172c9fc99bbbe981b3af856258f8d13f26ea8040516e08e34d29f9ac5bc5a38f17efcf7ca4cb0c053adf9e577192c0ae8994e1e43fb76f40159', '2010-01-17 03:41:14', NULL, 'haGHNpLn16SsN9Rl-RQ8', NULL, '89dde7b4b30eccd6a1cbace73101f8342fcf8362f4374d98c39b9fd182938c3dd2cc5bccefe6c6ce9fd09a2ae27531e01a42001c4580061aeff987b6de34ad1e', 0, NULL, 'test1', NULL)[0m
  [4;35;1mSQL (1.2ms)[0m   [0mCOMMIT[0m
  [4;36;1mSQL (0.1ms)[0m   [0;1mBEGIN[0m
  [4;35;1mUser Exists (0.3ms)[0m   [0mSELECT `users`.id FROM `users` WHERE (LOWER(`users`.`login`) = BINARY 'test2') LIMIT 1[0m
  [4;36;1mUser Exists (0.2ms)[0m   [0;1mSELECT `users`.id FROM `users` WHERE (`users`.`persistence_token` = BINARY '4d14929c09b30714efd2fb24b95bee31fdc38b719bf5b0c7f46ba34ef95293bd50a28d590330272a567bf5dbc81113407cff5910a1edccdf3efb70faafe10f77') LIMIT 1[0m
  [4;35;1mUser Create (6.5ms)[0m   [0mINSERT INTO `users` (`created_at`, `last_request_at`, `crypted_password`, `updated_at`, `current_login_ip`, `password_salt`, `current_login_at`, `persistence_token`, `login_count`, `last_login_ip`, `login`, `last_login_at`) VALUES('2010-01-17 03:41:15', NULL, '7b4e023d08e14bdee02c14fa3277a7f93683205c2dba0615bfc47032924e2da53e77b89961443ae0389d631f6a1633822fa8f99176328a02f518c2dda922fa4b', '2010-01-17 03:41:15', NULL, 'XUXMtEOlU0gYFdjzBapi', NULL, '4d14929c09b30714efd2fb24b95bee31fdc38b719bf5b0c7f46ba34ef95293bd50a28d590330272a567bf5dbc81113407cff5910a1edccdf3efb70faafe10f77', 0, NULL, 'test2', NULL)[0m
  [4;36;1mSQL (59.8ms)[0m   [0;1mCOMMIT[0m
  [4;35;1mBrewery Columns (4.8ms)[0m   [0mSHOW FIELDS FROM `breweries`[0m
  [4;36;1mSQL (0.5ms)[0m   [0;1mBEGIN[0m
  [4;35;1mBrewery Create (0.3ms)[0m   [0mINSERT INTO `breweries` (`name`, `created_at`, `updated_at`, `creator_id`, `about`, `style`) VALUES('Test Brewery 1', '2010-01-17 03:41:15', '2010-01-17 03:41:15', NULL, NULL, 'homebrew')[0m
  [4;36;1mSQL (0.8ms)[0m   [0;1mCOMMIT[0m
  [4;35;1mMembership Columns (4.1ms)[0m   [0mSHOW FIELDS FROM `memberships`[0m
  [4;36;1mSQL (0.1ms)[0m   [0;1mBEGIN[0m
  [4;35;1mMembership Create (0.2ms)[0m   [0mINSERT INTO `memberships` (`role`, `user_id`, `brewery_id`) VALUES('admin', NULL, 1)[0m
  [4;36;1mSQL (0.5ms)[0m   [0;1mCOMMIT[0m
  [4;35;1mSQL (0.1ms)[0m   [0mBEGIN[0m
  [4;36;1mMembership Update (0.2ms)[0m   [0;1mUPDATE `memberships` SET `user_id` = 1 WHERE `id` = 1[0m
  [4;35;1mSQL (0.8ms)[0m   [0mCOMMIT[0m
  [4;36;1mMembership Load (0.3ms)[0m   [0;1mSELECT * FROM `memberships` WHERE (`memberships`.user_id = 1) [0m
  [4;35;1mSQL (0.2ms)[0m   [0mBEGIN[0m
  [4;36;1mMembership Create (0.4ms)[0m   [0;1mINSERT INTO `memberships` (`role`, `user_id`, `brewery_id`) VALUES('admin', NULL, 1)[0m
  [4;35;1mSQL (1.8ms)[0m   [0mCOMMIT[0m
  [4;36;1mSQL (0.1ms)[0m   [0;1mBEGIN[0m
  [4;35;1mMembership Update (0.4ms)[0m   [0mUPDATE `memberships` SET `user_id` = 2 WHERE `id` = 2[0m
  [4;36;1mSQL (1.0ms)[0m   [0;1mCOMMIT[0m
  [4;35;1mMembership Load (0.2ms)[0m   [0mSELECT * FROM `memberships` WHERE (`memberships`.user_id = 2) [0m
  [4;36;1mSQL (0.1ms)[0m   [0;1mBEGIN[0m
  [4;35;1mSQL (0.1ms)[0m   [0mCOMMIT[0m
  [4;36;1mSQL (0.1ms)[0m   [0;1mBEGIN[0m
  [4;35;1mSQL (0.1ms)[0m   [0mCOMMIT[0m
  [4;36;1mSQL (0.1ms)[0m   [0;1mSET NAMES 'utf8'[0m
  [4;35;1mSQL (0.1ms)[0m   [0mSET SQL_AUTO_IS_NULL=0[0m


Processing UsersController#show (for 127.0.0.1 at 2010-01-16 22:41:27) [GET]
  Parameters: {"action"=>"show", "controller"=>"users"}
  [4;36;1mUser Columns (2.1ms)[0m   [0;1mSHOW FIELDS FROM `users`[0m
  [4;35;1mUser Load (0.5ms)[0m   [0mSELECT * FROM `users` WHERE (`users`.`id` = '1') LIMIT 1[0m
Redirected to http://localhost:7000/user_session/new
Filter chain halted as [:require_user] rendered_or_redirected.
Completed in 28ms (DB: 5) | 302 Found [http://localhost/account]
  [4;36;1mSQL (0.1ms)[0m   [0;1mSET NAMES 'utf8'[0m
  [4;35;1mSQL (0.1ms)[0m   [0mSET SQL_AUTO_IS_NULL=0[0m


Processing UserSessionsController#new (for 127.0.0.1 at 2010-01-16 22:41:27) [GET]
  Parameters: {"action"=>"new", "controller"=>"user_sessions"}
  [4;36;1mUser Columns (1.6ms)[0m   [0;1mSHOW FIELDS FROM `users`[0m
  [4;35;1mUser Load (0.4ms)[0m   [0mSELECT * FROM `users` WHERE (`users`.`id` = '1') LIMIT 1[0m
Rendering template within layouts/application
Rendering user_sessions/new
  [4;36;1mSQL (0.5ms)[0m   [0;1mSELECT count(*) AS count_all FROM `users` WHERE (last_request_at > '2010-01-17 03:31:27') [0m
Completed in 152ms (View: 134, DB: 3) | 200 OK [http://localhost/user_session/new]
  [4;35;1mSQL (0.2ms)[0m   [0mSET NAMES 'utf8'[0m
  [4;36;1mSQL (0.1ms)[0m   [0;1mSET SQL_AUTO_IS_NULL=0[0m


Processing UserSessionsController#create (for 127.0.0.1 at 2010-01-16 22:41:31) [POST]
  Parameters: {"commit"=>"Login", "user_session"=>{"remember_me"=>"0", "password"=>"[FILTERED]", "login"=>"test1"}, "action"=>"create", "controller"=>"user_sessions"}
  [4;35;1mUser Columns (1.7ms)[0m   [0mSHOW FIELDS FROM `users`[0m
  [4;36;1mUser Load (0.4ms)[0m   [0;1mSELECT * FROM `users` WHERE (`users`.`id` = '1') LIMIT 1[0m
  [4;35;1mUser Load (0.4ms)[0m   [0mSELECT * FROM `users` WHERE (LOWER(`users`.login) = 'test1') LIMIT 1[0m
  [4;36;1mSQL (0.1ms)[0m   [0;1mBEGIN[0m
  [4;35;1mUser Update (0.3ms)[0m   [0mUPDATE `users` SET `updated_at` = '2010-01-17 03:41:32', `current_login_at` = '2010-01-17 03:41:32', `login_count` = 1, `current_login_ip` = '127.0.0.1', `last_request_at` = '2010-01-17 03:41:32' WHERE `id` = 1[0m
  [4;36;1mSQL (0.6ms)[0m   [0;1mCOMMIT[0m
Redirected to http://localhost:7000/account
Completed in 161ms (DB: 4) | 302 Found [http://localhost/user_session]
  [4;35;1mSQL (0.1ms)[0m   [0mSET NAMES 'utf8'[0m
  [4;36;1mSQL (0.1ms)[0m   [0;1mSET SQL_AUTO_IS_NULL=0[0m


Processing UsersController#show (for 127.0.0.1 at 2010-01-16 22:41:32) [GET]
  Parameters: {"action"=>"show", "controller"=>"users"}
  [4;35;1mUser Columns (1.6ms)[0m   [0mSHOW FIELDS FROM `users`[0m
  [4;36;1mUser Load (0.5ms)[0m   [0;1mSELECT * FROM `users` WHERE (`users`.`id` = '1') LIMIT 1[0m
  [4;35;1mSQL (0.1ms)[0m   [0mBEGIN[0m
  [4;36;1mUser Update (0.5ms)[0m   [0;1mUPDATE `users` SET `updated_at` = '2010-01-17 03:41:32', `last_request_at` = '2010-01-17 03:41:32' WHERE `id` = 1[0m
  [4;35;1mSQL (0.6ms)[0m   [0mCOMMIT[0m
Rendering template within layouts/application
Rendering users/show
  [4;36;1mBrewery Load (0.5ms)[0m   [0;1mSELECT `breweries`.* FROM `breweries` INNER JOIN `memberships` ON `breweries`.id = `memberships`.brewery_id WHERE ((`memberships`.user_id = 1)) [0m
  [4;35;1mBrewery Columns (1.5ms)[0m   [0mSHOW FIELDS FROM `breweries`[0m
  [4;36;1mSQL (0.3ms)[0m   [0;1mSELECT count(*) AS count_all FROM `users` WHERE (last_request_at > '2010-01-17 03:31:32') [0m
Completed in 133ms (View: 84, DB: 6) | 200 OK [http://localhost/account]
  [4;35;1mSQL (0.1ms)[0m   [0mSET NAMES 'utf8'[0m
  [4;36;1mSQL (0.1ms)[0m   [0;1mSET SQL_AUTO_IS_NULL=0[0m


Processing UsersController#show (for 127.0.0.1 at 2010-01-16 22:42:45) [GET]
  Parameters: {"action"=>"show", "controller"=>"users"}
  [4;35;1mUser Columns (1.7ms)[0m   [0mSHOW FIELDS FROM `users`[0m
  [4;36;1mUser Load (0.4ms)[0m   [0;1mSELECT * FROM `users` WHERE (`users`.`id` = '1') LIMIT 1[0m
  [4;35;1mSQL (0.1ms)[0m   [0mBEGIN[0m
  [4;36;1mUser Update (0.2ms)[0m   [0;1mUPDATE `users` SET `updated_at` = '2010-01-17 03:42:45', `last_request_at` = '2010-01-17 03:42:45' WHERE `id` = 1[0m
  [4;35;1mSQL (0.7ms)[0m   [0mCOMMIT[0m
Rendering template within layouts/application
Rendering users/show
  [4;36;1mBrewery Load (0.4ms)[0m   [0;1mSELECT `breweries`.* FROM `breweries` INNER JOIN `memberships` ON `breweries`.id = `memberships`.brewery_id WHERE ((`memberships`.user_id = 1)) [0m
  [4;35;1mBrewery Columns (1.8ms)[0m   [0mSHOW FIELDS FROM `breweries`[0m
  [4;36;1mSQL (0.3ms)[0m   [0;1mSELECT count(*) AS count_all FROM `users` WHERE (last_request_at > '2010-01-17 03:32:45') [0m
Completed in 35ms (View: 9, DB: 6) | 200 OK [http://localhost/account]
  [4;35;1mSQL (0.1ms)[0m   [0mSET NAMES 'utf8'[0m
  [4;36;1mSQL (0.1ms)[0m   [0;1mSET SQL_AUTO_IS_NULL=0[0m


Processing UsersController#show (for 127.0.0.1 at 2010-01-16 22:43:02) [GET]
  Parameters: {"action"=>"show", "controller"=>"users"}
  [4;35;1mUser Columns (1.8ms)[0m   [0mSHOW FIELDS FROM `users`[0m
  [4;36;1mUser Load (0.4ms)[0m   [0;1mSELECT * FROM `users` WHERE (`users`.`id` = '1') LIMIT 1[0m
  [4;35;1mSQL (0.1ms)[0m   [0mBEGIN[0m
  [4;36;1mUser Update (0.3ms)[0m   [0;1mUPDATE `users` SET `updated_at` = '2010-01-17 03:43:02', `last_request_at` = '2010-01-17 03:43:02' WHERE `id` = 1[0m
  [4;35;1mSQL (30.8ms)[0m   [0mCOMMIT[0m
Rendering template within layouts/application
Rendering users/show
  [4;36;1mBrewery Load (0.5ms)[0m   [0;1mSELECT `breweries`.* FROM `breweries` INNER JOIN `memberships` ON `breweries`.id = `memberships`.brewery_id WHERE ((`memberships`.user_id = 1)) [0m
  [4;35;1mBrewery Columns (1.4ms)[0m   [0mSHOW FIELDS FROM `breweries`[0m
  [4;36;1mSQL (0.4ms)[0m   [0;1mSELECT count(*) AS count_all FROM `users` WHERE (last_request_at > '2010-01-17 03:33:02') [0m
Completed in 141ms (View: 12, DB: 36) | 200 OK [http://localhost/account]
  [4;35;1mSQL (0.1ms)[0m   [0mSET NAMES 'utf8'[0m
  [4;36;1mSQL (0.1ms)[0m   [0;1mSET SQL_AUTO_IS_NULL=0[0m


Processing BreweriesController#show (for 127.0.0.1 at 2010-01-16 22:43:03) [GET]
  Parameters: {"action"=>"show", "id"=>"1", "controller"=>"breweries"}
Rendering template within layouts/application
Rendering breweries/show

ActionView::TemplateError (You have a nil object when you didn't expect it!
The error occurred while evaluating nil.name) on line #1 of app/views/breweries/show.html.haml:
1: %h1= @brewery.name
2: 
3: %h3 Brewers:
4: %ul

    app/views/breweries/show.html.haml:1:in `_run_haml_app47views47breweries47show46html46haml'
    haml (2.2.16) lib/haml/helpers/action_view_mods.rb:13:in `render'
    haml (2.2.16) lib/haml/helpers/action_view_mods.rb:13:in `render'
    haml (2.2.16) rails/./lib/sass/plugin/rails.rb:19:in `process'

Rendered rescues/_trace (116.3ms)
Rendered rescues/_request_and_response (1.1ms)
Rendering rescues/layout (internal_server_error)
  [4;35;1mSQL (0.1ms)[0m   [0mSET NAMES 'utf8'[0m
  [4;36;1mSQL (0.1ms)[0m   [0;1mSET SQL_AUTO_IS_NULL=0[0m


Processing BreweriesController#show (for 127.0.0.1 at 2010-01-16 22:43:14) [GET]
  Parameters: {"action"=>"show", "id"=>"1", "controller"=>"breweries"}
  [4;35;1mBrewery Columns (1.5ms)[0m   [0mSHOW FIELDS FROM `breweries`[0m
  [4;36;1mBrewery Load (0.9ms)[0m   [0;1mSELECT * FROM `breweries` WHERE (`breweries`.`id` = 1) [0m
Rendering template within layouts/application
Rendering breweries/show
  [4;35;1mUser Columns (2.0ms)[0m   [0mSHOW FIELDS FROM `users`[0m
  [4;36;1mUser Load (0.4ms)[0m   [0;1mSELECT `users`.* FROM `users` INNER JOIN `memberships` ON `users`.id = `memberships`.user_id WHERE ((`memberships`.brewery_id = 1)) [0m
  [4;35;1mSQL (0.4ms)[0m   [0mSELECT count(*) AS count_all FROM `users` WHERE (last_request_at > '2010-01-17 03:33:14') [0m
  [4;36;1mUser Load (0.4ms)[0m   [0;1mSELECT * FROM `users` WHERE (`users`.`id` = '1') LIMIT 1[0m
  [4;35;1mSQL (0.1ms)[0m   [0mBEGIN[0m
  [4;36;1mUser Update (0.2ms)[0m   [0;1mUPDATE `users` SET `updated_at` = '2010-01-17 03:43:14', `last_request_at` = '2010-01-17 03:43:14' WHERE `id` = 1[0m
  [4;35;1mSQL (0.6ms)[0m   [0mCOMMIT[0m
Completed in 38ms (View: 26, DB: 7) | 200 OK [http://localhost/breweries/1]
  [4;36;1mSQL (0.1ms)[0m   [0;1mSET NAMES 'utf8'[0m
  [4;35;1mSQL (0.1ms)[0m   [0mSET SQL_AUTO_IS_NULL=0[0m


Processing UsersController#show (for 127.0.0.1 at 2010-01-16 22:43:15) [GET]
  Parameters: {"action"=>"show", "id"=>"1", "controller"=>"users"}
  [4;36;1mUser Columns (1.8ms)[0m   [0;1mSHOW FIELDS FROM `users`[0m
  [4;35;1mUser Load (0.4ms)[0m   [0mSELECT * FROM `users` WHERE (`users`.`id` = '1') LIMIT 1[0m
  [4;36;1mSQL (0.1ms)[0m   [0;1mBEGIN[0m
  [4;35;1mUser Update (0.2ms)[0m   [0mUPDATE `users` SET `updated_at` = '2010-01-17 03:43:15', `last_request_at` = '2010-01-17 03:43:15' WHERE `id` = 1[0m
  [4;36;1mSQL (0.6ms)[0m   [0;1mCOMMIT[0m
Rendering template within layouts/application
Rendering users/show
  [4;35;1mBrewery Load (0.5ms)[0m   [0mSELECT `breweries`.* FROM `breweries` INNER JOIN `memberships` ON `breweries`.id = `memberships`.brewery_id WHERE ((`memberships`.user_id = 1)) [0m
  [4;36;1mBrewery Columns (1.3ms)[0m   [0;1mSHOW FIELDS FROM `breweries`[0m
  [4;35;1mSQL (0.3ms)[0m   [0mSELECT count(*) AS count_all FROM `users` WHERE (last_request_at > '2010-01-17 03:33:15') [0m
Completed in 103ms (View: 77, DB: 6) | 200 OK [http://localhost/users/1]
  [4;36;1mSQL (0.1ms)[0m   [0;1mSET NAMES 'utf8'[0m
  [4;35;1mSQL (0.1ms)[0m   [0mSET SQL_AUTO_IS_NULL=0[0m


Processing UsersController#show (for 127.0.0.1 at 2010-01-16 22:43:17) [GET]
  Parameters: {"action"=>"show", "id"=>"2", "controller"=>"users"}
  [4;36;1mUser Columns (1.7ms)[0m   [0;1mSHOW FIELDS FROM `users`[0m
  [4;35;1mUser Load (0.4ms)[0m   [0mSELECT * FROM `users` WHERE (`users`.`id` = '1') LIMIT 1[0m
  [4;36;1mSQL (0.1ms)[0m   [0;1mBEGIN[0m
  [4;35;1mUser Update (0.2ms)[0m   [0mUPDATE `users` SET `updated_at` = '2010-01-17 03:43:17', `last_request_at` = '2010-01-17 03:43:17' WHERE `id` = 1[0m
  [4;36;1mSQL (0.6ms)[0m   [0;1mCOMMIT[0m
Rendering template within layouts/application
Rendering users/show
  [4;35;1mBrewery Load (0.3ms)[0m   [0mSELECT `breweries`.* FROM `breweries` INNER JOIN `memberships` ON `breweries`.id = `memberships`.brewery_id WHERE ((`memberships`.user_id = 1)) [0m
  [4;36;1mBrewery Columns (2.1ms)[0m   [0;1mSHOW FIELDS FROM `breweries`[0m
  [4;35;1mSQL (0.2ms)[0m   [0mSELECT count(*) AS count_all FROM `users` WHERE (last_request_at > '2010-01-17 03:33:17') [0m
Completed in 36ms (View: 9, DB: 6) | 200 OK [http://localhost/users/2]
